The system is: Linux - 6.8.0-45-generic - x86_64
Compiling the C compiler identification source file "CMakeCCompilerId.c" succeeded.
Compiler: /usr/bin/cc 
Build flags: 
Id flags:  

The output was:
0


Compilation of the C compiler identification source "CMakeCCompilerId.c" produced "a.out"

The C compiler identification is GNU, found in "/home/particle/Documents/DS2_Final_Project/CMakeFiles/3.22.1/CompilerIdC/a.out"

Compiling the CXX compiler identification source file "CMakeCXXCompilerId.cpp" succeeded.
Compiler: /usr/bin/c++ 
Build flags: 
Id flags:  

The output was:
0


Compilation of the CXX compiler identification source "CMakeCXXCompilerId.cpp" produced "a.out"

The CXX compiler identification is GNU, found in "/home/particle/Documents/DS2_Final_Project/CMakeFiles/3.22.1/CompilerIdCXX/a.out"

Detecting C compiler ABI info compiled with the following output:
Change Dir: /home/particle/Documents/DS2_Final_Project/CMakeFiles/CMakeTmp

Run Build Command(s):/usr/bin/gmake -f Makefile cmTC_09ef3/fast && /usr/bin/gmake  -f CMakeFiles/cmTC_09ef3.dir/build.make CMakeFiles/cmTC_09ef3.dir/build
gmake[1]: Entering directory '/home/particle/Documents/DS2_Final_Project/CMakeFiles/CMakeTmp'
Building C object CMakeFiles/cmTC_09ef3.dir/CMakeCCompilerABI.c.o
/usr/bin/cc   -v -o CMakeFiles/cmTC_09ef3.dir/CMakeCCompilerABI.c.o -c /usr/share/cmake-3.22/Modules/CMakeCCompilerABI.c
Using built-in specs.
COLLECT_GCC=/usr/bin/cc
OFFLOAD_TARGET_NAMES=nvptx-none:amdgcn-amdhsa
OFFLOAD_TARGET_DEFAULT=1
Target: x86_64-linux-gnu
Configured with: ../src/configure -v --with-pkgversion='Ubuntu 11.4.0-1ubuntu1~22.04' --with-bugurl=file:///usr/share/doc/gcc-11/README.Bugs --enable-languages=c,ada,c++,go,brig,d,fortran,objc,obj-c++,m2 --prefix=/usr --with-gcc-major-version-only --program-suffix=-11 --program-prefix=x86_64-linux-gnu- --enable-shared --enable-linker-build-id --libexecdir=/usr/lib --without-included-gettext --enable-threads=posix --libdir=/usr/lib --enable-nls --enable-bootstrap --enable-clocale=gnu --enable-libstdcxx-debug --enable-libstdcxx-time=yes --with-default-libstdcxx-abi=new --enable-gnu-unique-object --disable-vtable-verify --enable-plugin --enable-default-pie --with-system-zlib --enable-libphobos-checking=release --with-target-system-zlib=auto --enable-objc-gc=auto --enable-multiarch --disable-werror --enable-cet --with-arch-32=i686 --with-abi=m64 --with-multilib-list=m32,m64,mx32 --enable-multilib --with-tune=generic --enable-offload-targets=nvptx-none=/build/gcc-11-XeT9lY/gcc-11-11.4.0/debian/tmp-nvptx/usr,amdgcn-amdhsa=/build/gcc-11-XeT9lY/gcc-11-11.4.0/debian/tmp-gcn/usr --without-cuda-driver --enable-checking=release --build=x86_64-linux-gnu --host=x86_64-linux-gnu --target=x86_64-linux-gnu --with-build-config=bootstrap-lto-lean --enable-link-serialization=2
Thread model: posix
Supported LTO compression algorithms: zlib zstd
gcc version 11.4.0 (Ubuntu 11.4.0-1ubuntu1~22.04) 
COLLECT_GCC_OPTIONS='-v' '-o' 'CMakeFiles/cmTC_09ef3.dir/CMakeCCompilerABI.c.o' '-c' '-mtune=generic' '-march=x86-64' '-dumpdir' 'CMakeFiles/cmTC_09ef3.dir/'
 /usr/lib/gcc/x86_64-linux-gnu/11/cc1 -quiet -v -imultiarch x86_64-linux-gnu /usr/share/cmake-3.22/Modules/CMakeCCompilerABI.c -quiet -dumpdir CMakeFiles/cmTC_09ef3.dir/ -dumpbase CMakeCCompilerABI.c.c -dumpbase-ext .c -mtune=generic -march=x86-64 -version -fasynchronous-unwind-tables -fstack-protector-strong -Wformat -Wformat-security -fstack-clash-protection -fcf-protection -o /tmp/ccOQ5C4r.s
GNU C17 (Ubuntu 11.4.0-1ubuntu1~22.04) version 11.4.0 (x86_64-linux-gnu)
	compiled by GNU C version 11.4.0, GMP version 6.2.1, MPFR version 4.1.0, MPC version 1.2.1, isl version isl-0.24-GMP

GGC heuristics: --param ggc-min-expand=100 --param ggc-min-heapsize=131072
ignoring nonexistent directory "/usr/local/include/x86_64-linux-gnu"
ignoring nonexistent directory "/usr/lib/gcc/x86_64-linux-gnu/11/include-fixed"
ignoring nonexistent directory "/usr/lib/gcc/x86_64-linux-gnu/11/../../../../x86_64-linux-gnu/include"
#include "..." search starts here:
#include <...> search starts here:
 /usr/lib/gcc/x86_64-linux-gnu/11/include
 /usr/local/include
 /usr/include/x86_64-linux-gnu
 /usr/include
End of search list.
GNU C17 (Ubuntu 11.4.0-1ubuntu1~22.04) version 11.4.0 (x86_64-linux-gnu)
	compiled by GNU C version 11.4.0, GMP version 6.2.1, MPFR version 4.1.0, MPC version 1.2.1, isl version isl-0.24-GMP

GGC heuristics: --param ggc-min-expand=100 --param ggc-min-heapsize=131072
Compiler executable checksum: 50eaa2331df977b8016186198deb2d18
COLLECT_GCC_OPTIONS='-v' '-o' 'CMakeFiles/cmTC_09ef3.dir/CMakeCCompilerABI.c.o' '-c' '-mtune=generic' '-march=x86-64' '-dumpdir' 'CMakeFiles/cmTC_09ef3.dir/'
 as -v --64 -o CMakeFiles/cmTC_09ef3.dir/CMakeCCompilerABI.c.o /tmp/ccOQ5C4r.s
GNU assembler version 2.38 (x86_64-linux-gnu) using BFD version (GNU Binutils for Ubuntu) 2.38
COMPILER_PATH=/usr/lib/gcc/x86_64-linux-gnu/11/:/usr/lib/gcc/x86_64-linux-gnu/11/:/usr/lib/gcc/x86_64-linux-gnu/:/usr/lib/gcc/x86_64-linux-gnu/11/:/usr/lib/gcc/x86_64-linux-gnu/
LIBRARY_PATH=/usr/lib/gcc/x86_64-linux-gnu/11/:/usr/lib/gcc/x86_64-linux-gnu/11/../../../x86_64-linux-gnu/:/usr/lib/gcc/x86_64-linux-gnu/11/../../../../lib/:/lib/x86_64-linux-gnu/:/lib/../lib/:/usr/lib/x86_64-linux-gnu/:/usr/lib/../lib/:/usr/lib/gcc/x86_64-linux-gnu/11/../../../:/lib/:/usr/lib/
COLLECT_GCC_OPTIONS='-v' '-o' 'CMakeFiles/cmTC_09ef3.dir/CMakeCCompilerABI.c.o' '-c' '-mtune=generic' '-march=x86-64' '-dumpdir' 'CMakeFiles/cmTC_09ef3.dir/CMakeCCompilerABI.c.'
Linking C executable cmTC_09ef3
/usr/bin/cmake -E cmake_link_script CMakeFiles/cmTC_09ef3.dir/link.txt --verbose=1
/usr/bin/cc  -v CMakeFiles/cmTC_09ef3.dir/CMakeCCompilerABI.c.o -o cmTC_09ef3 
Using built-in specs.
COLLECT_GCC=/usr/bin/cc
COLLECT_LTO_WRAPPER=/usr/lib/gcc/x86_64-linux-gnu/11/lto-wrapper
OFFLOAD_TARGET_NAMES=nvptx-none:amdgcn-amdhsa
OFFLOAD_TARGET_DEFAULT=1
Target: x86_64-linux-gnu
Configured with: ../src/configure -v --with-pkgversion='Ubuntu 11.4.0-1ubuntu1~22.04' --with-bugurl=file:///usr/share/doc/gcc-11/README.Bugs --enable-languages=c,ada,c++,go,brig,d,fortran,objc,obj-c++,m2 --prefix=/usr --with-gcc-major-version-only --program-suffix=-11 --program-prefix=x86_64-linux-gnu- --enable-shared --enable-linker-build-id --libexecdir=/usr/lib --without-included-gettext --enable-threads=posix --libdir=/usr/lib --enable-nls --enable-bootstrap --enable-clocale=gnu --enable-libstdcxx-debug --enable-libstdcxx-time=yes --with-default-libstdcxx-abi=new --enable-gnu-unique-object --disable-vtable-verify --enable-plugin --enable-default-pie --with-system-zlib --enable-libphobos-checking=release --with-target-system-zlib=auto --enable-objc-gc=auto --enable-multiarch --disable-werror --enable-cet --with-arch-32=i686 --with-abi=m64 --with-multilib-list=m32,m64,mx32 --enable-multilib --with-tune=generic --enable-offload-targets=nvptx-none=/build/gcc-11-XeT9lY/gcc-11-11.4.0/debian/tmp-nvptx/usr,amdgcn-amdhsa=/build/gcc-11-XeT9lY/gcc-11-11.4.0/debian/tmp-gcn/usr --without-cuda-driver --enable-checking=release --build=x86_64-linux-gnu --host=x86_64-linux-gnu --target=x86_64-linux-gnu --with-build-config=bootstrap-lto-lean --enable-link-serialization=2
Thread model: posix
Supported LTO compression algorithms: zlib zstd
gcc version 11.4.0 (Ubuntu 11.4.0-1ubuntu1~22.04) 
COMPILER_PATH=/usr/lib/gcc/x86_64-linux-gnu/11/:/usr/lib/gcc/x86_64-linux-gnu/11/:/usr/lib/gcc/x86_64-linux-gnu/:/usr/lib/gcc/x86_64-linux-gnu/11/:/usr/lib/gcc/x86_64-linux-gnu/
LIBRARY_PATH=/usr/lib/gcc/x86_64-linux-gnu/11/:/usr/lib/gcc/x86_64-linux-gnu/11/../../../x86_64-linux-gnu/:/usr/lib/gcc/x86_64-linux-gnu/11/../../../../lib/:/lib/x86_64-linux-gnu/:/lib/../lib/:/usr/lib/x86_64-linux-gnu/:/usr/lib/../lib/:/usr/lib/gcc/x86_64-linux-gnu/11/../../../:/lib/:/usr/lib/
COLLECT_GCC_OPTIONS='-v' '-o' 'cmTC_09ef3' '-mtune=generic' '-march=x86-64' '-dumpdir' 'cmTC_09ef3.'
 /usr/lib/gcc/x86_64-linux-gnu/11/collect2 -plugin /usr/lib/gcc/x86_64-linux-gnu/11/liblto_plugin.so -plugin-opt=/usr/lib/gcc/x86_64-linux-gnu/11/lto-wrapper -plugin-opt=-fresolution=/tmp/ccFqdaRY.res -plugin-opt=-pass-through=-lgcc -plugin-opt=-pass-through=-lgcc_s -plugin-opt=-pass-through=-lc -plugin-opt=-pass-through=-lgcc -plugin-opt=-pass-through=-lgcc_s --build-id --eh-frame-hdr -m elf_x86_64 --hash-style=gnu --as-needed -dynamic-linker /lib64/ld-linux-x86-64.so.2 -pie -z now -z relro -o cmTC_09ef3 /usr/lib/gcc/x86_64-linux-gnu/11/../../../x86_64-linux-gnu/Scrt1.o /usr/lib/gcc/x86_64-linux-gnu/11/../../../x86_64-linux-gnu/crti.o /usr/lib/gcc/x86_64-linux-gnu/11/crtbeginS.o -L/usr/lib/gcc/x86_64-linux-gnu/11 -L/usr/lib/gcc/x86_64-linux-gnu/11/../../../x86_64-linux-gnu -L/usr/lib/gcc/x86_64-linux-gnu/11/../../../../lib -L/lib/x86_64-linux-gnu -L/lib/../lib -L/usr/lib/x86_64-linux-gnu -L/usr/lib/../lib -L/usr/lib/gcc/x86_64-linux-gnu/11/../../.. CMakeFiles/cmTC_09ef3.dir/CMakeCCompilerABI.c.o -lgcc --push-state --as-needed -lgcc_s --pop-state -lc -lgcc --push-state --as-needed -lgcc_s --pop-state /usr/lib/gcc/x86_64-linux-gnu/11/crtendS.o /usr/lib/gcc/x86_64-linux-gnu/11/../../../x86_64-linux-gnu/crtn.o
COLLECT_GCC_OPTIONS='-v' '-o' 'cmTC_09ef3' '-mtune=generic' '-march=x86-64' '-dumpdir' 'cmTC_09ef3.'
gmake[1]: Leaving directory '/home/particle/Documents/DS2_Final_Project/CMakeFiles/CMakeTmp'



Parsed C implicit include dir info from above output: rv=done
  found start of include info
  found start of implicit include info
    add: [/usr/lib/gcc/x86_64-linux-gnu/11/include]
    add: [/usr/local/include]
    add: [/usr/include/x86_64-linux-gnu]
    add: [/usr/include]
  end of search list found
  collapse include dir [/usr/lib/gcc/x86_64-linux-gnu/11/include] ==> [/usr/lib/gcc/x86_64-linux-gnu/11/include]
  collapse include dir [/usr/local/include] ==> [/usr/local/include]
  collapse include dir [/usr/include/x86_64-linux-gnu] ==> [/usr/include/x86_64-linux-gnu]
  collapse include dir [/usr/include] ==> [/usr/include]
  implicit include dirs: [/usr/lib/gcc/x86_64-linux-gnu/11/include;/usr/local/include;/usr/include/x86_64-linux-gnu;/usr/include]


Parsed C implicit link information from above output:
  link line regex: [^( *|.*[/\])(ld|CMAKE_LINK_STARTFILE-NOTFOUND|([^/\]+-)?ld|collect2)[^/\]*( |$)]
  ignore line: [Change Dir: /home/particle/Documents/DS2_Final_Project/CMakeFiles/CMakeTmp]
  ignore line: []
  ignore line: [Run Build Command(s):/usr/bin/gmake -f Makefile cmTC_09ef3/fast && /usr/bin/gmake  -f CMakeFiles/cmTC_09ef3.dir/build.make CMakeFiles/cmTC_09ef3.dir/build]
  ignore line: [gmake[1]: Entering directory '/home/particle/Documents/DS2_Final_Project/CMakeFiles/CMakeTmp']
  ignore line: [Building C object CMakeFiles/cmTC_09ef3.dir/CMakeCCompilerABI.c.o]
  ignore line: [/usr/bin/cc   -v -o CMakeFiles/cmTC_09ef3.dir/CMakeCCompilerABI.c.o -c /usr/share/cmake-3.22/Modules/CMakeCCompilerABI.c]
  ignore line: [Using built-in specs.]
  ignore line: [COLLECT_GCC=/usr/bin/cc]
  ignore line: [OFFLOAD_TARGET_NAMES=nvptx-none:amdgcn-amdhsa]
  ignore line: [OFFLOAD_TARGET_DEFAULT=1]
  ignore line: [Target: x86_64-linux-gnu]
  ignore line: [Configured with: ../src/configure -v --with-pkgversion='Ubuntu 11.4.0-1ubuntu1~22.04' --with-bugurl=file:///usr/share/doc/gcc-11/README.Bugs --enable-languages=c ada c++ go brig d fortran objc obj-c++ m2 --prefix=/usr --with-gcc-major-version-only --program-suffix=-11 --program-prefix=x86_64-linux-gnu- --enable-shared --enable-linker-build-id --libexecdir=/usr/lib --without-included-gettext --enable-threads=posix --libdir=/usr/lib --enable-nls --enable-bootstrap --enable-clocale=gnu --enable-libstdcxx-debug --enable-libstdcxx-time=yes --with-default-libstdcxx-abi=new --enable-gnu-unique-object --disable-vtable-verify --enable-plugin --enable-default-pie --with-system-zlib --enable-libphobos-checking=release --with-target-system-zlib=auto --enable-objc-gc=auto --enable-multiarch --disable-werror --enable-cet --with-arch-32=i686 --with-abi=m64 --with-multilib-list=m32 m64 mx32 --enable-multilib --with-tune=generic --enable-offload-targets=nvptx-none=/build/gcc-11-XeT9lY/gcc-11-11.4.0/debian/tmp-nvptx/usr amdgcn-amdhsa=/build/gcc-11-XeT9lY/gcc-11-11.4.0/debian/tmp-gcn/usr --without-cuda-driver --enable-checking=release --build=x86_64-linux-gnu --host=x86_64-linux-gnu --target=x86_64-linux-gnu --with-build-config=bootstrap-lto-lean --enable-link-serialization=2]
  ignore line: [Thread model: posix]
  ignore line: [Supported LTO compression algorithms: zlib zstd]
  ignore line: [gcc version 11.4.0 (Ubuntu 11.4.0-1ubuntu1~22.04) ]
  ignore line: [COLLECT_GCC_OPTIONS='-v' '-o' 'CMakeFiles/cmTC_09ef3.dir/CMakeCCompilerABI.c.o' '-c' '-mtune=generic' '-march=x86-64' '-dumpdir' 'CMakeFiles/cmTC_09ef3.dir/']
  ignore line: [ /usr/lib/gcc/x86_64-linux-gnu/11/cc1 -quiet -v -imultiarch x86_64-linux-gnu /usr/share/cmake-3.22/Modules/CMakeCCompilerABI.c -quiet -dumpdir CMakeFiles/cmTC_09ef3.dir/ -dumpbase CMakeCCompilerABI.c.c -dumpbase-ext .c -mtune=generic -march=x86-64 -version -fasynchronous-unwind-tables -fstack-protector-strong -Wformat -Wformat-security -fstack-clash-protection -fcf-protection -o /tmp/ccOQ5C4r.s]
  ignore line: [GNU C17 (Ubuntu 11.4.0-1ubuntu1~22.04) version 11.4.0 (x86_64-linux-gnu)]
  ignore line: [	compiled by GNU C version 11.4.0  GMP version 6.2.1  MPFR version 4.1.0  MPC version 1.2.1  isl version isl-0.24-GMP]
  ignore line: []
  ignore line: [GGC heuristics: --param ggc-min-expand=100 --param ggc-min-heapsize=131072]
  ignore line: [ignoring nonexistent directory "/usr/local/include/x86_64-linux-gnu"]
  ignore line: [ignoring nonexistent directory "/usr/lib/gcc/x86_64-linux-gnu/11/include-fixed"]
  ignore line: [ignoring nonexistent directory "/usr/lib/gcc/x86_64-linux-gnu/11/../../../../x86_64-linux-gnu/include"]
  ignore line: [#include "..." search starts here:]
  ignore line: [#include <...> search starts here:]
  ignore line: [ /usr/lib/gcc/x86_64-linux-gnu/11/include]
  ignore line: [ /usr/local/include]
  ignore line: [ /usr/include/x86_64-linux-gnu]
  ignore line: [ /usr/include]
  ignore line: [End of search list.]
  ignore line: [GNU C17 (Ubuntu 11.4.0-1ubuntu1~22.04) version 11.4.0 (x86_64-linux-gnu)]
  ignore line: [	compiled by GNU C version 11.4.0  GMP version 6.2.1  MPFR version 4.1.0  MPC version 1.2.1  isl version isl-0.24-GMP]
  ignore line: []
  ignore line: [GGC heuristics: --param ggc-min-expand=100 --param ggc-min-heapsize=131072]
  ignore line: [Compiler executable checksum: 50eaa2331df977b8016186198deb2d18]
  ignore line: [COLLECT_GCC_OPTIONS='-v' '-o' 'CMakeFiles/cmTC_09ef3.dir/CMakeCCompilerABI.c.o' '-c' '-mtune=generic' '-march=x86-64' '-dumpdir' 'CMakeFiles/cmTC_09ef3.dir/']
  ignore line: [ as -v --64 -o CMakeFiles/cmTC_09ef3.dir/CMakeCCompilerABI.c.o /tmp/ccOQ5C4r.s]
  ignore line: [GNU assembler version 2.38 (x86_64-linux-gnu) using BFD version (GNU Binutils for Ubuntu) 2.38]
  ignore line: [COMPILER_PATH=/usr/lib/gcc/x86_64-linux-gnu/11/:/usr/lib/gcc/x86_64-linux-gnu/11/:/usr/lib/gcc/x86_64-linux-gnu/:/usr/lib/gcc/x86_64-linux-gnu/11/:/usr/lib/gcc/x86_64-linux-gnu/]
  ignore line: [LIBRARY_PATH=/usr/lib/gcc/x86_64-linux-gnu/11/:/usr/lib/gcc/x86_64-linux-gnu/11/../../../x86_64-linux-gnu/:/usr/lib/gcc/x86_64-linux-gnu/11/../../../../lib/:/lib/x86_64-linux-gnu/:/lib/../lib/:/usr/lib/x86_64-linux-gnu/:/usr/lib/../lib/:/usr/lib/gcc/x86_64-linux-gnu/11/../../../:/lib/:/usr/lib/]
  ignore line: [COLLECT_GCC_OPTIONS='-v' '-o' 'CMakeFiles/cmTC_09ef3.dir/CMakeCCompilerABI.c.o' '-c' '-mtune=generic' '-march=x86-64' '-dumpdir' 'CMakeFiles/cmTC_09ef3.dir/CMakeCCompilerABI.c.']
  ignore line: [Linking C executable cmTC_09ef3]
  ignore line: [/usr/bin/cmake -E cmake_link_script CMakeFiles/cmTC_09ef3.dir/link.txt --verbose=1]
  ignore line: [/usr/bin/cc  -v CMakeFiles/cmTC_09ef3.dir/CMakeCCompilerABI.c.o -o cmTC_09ef3 ]
  ignore line: [Using built-in specs.]
  ignore line: [COLLECT_GCC=/usr/bin/cc]
  ignore line: [COLLECT_LTO_WRAPPER=/usr/lib/gcc/x86_64-linux-gnu/11/lto-wrapper]
  ignore line: [OFFLOAD_TARGET_NAMES=nvptx-none:amdgcn-amdhsa]
  ignore line: [OFFLOAD_TARGET_DEFAULT=1]
  ignore line: [Target: x86_64-linux-gnu]
  ignore line: [Configured with: ../src/configure -v --with-pkgversion='Ubuntu 11.4.0-1ubuntu1~22.04' --with-bugurl=file:///usr/share/doc/gcc-11/README.Bugs --enable-languages=c ada c++ go brig d fortran objc obj-c++ m2 --prefix=/usr --with-gcc-major-version-only --program-suffix=-11 --program-prefix=x86_64-linux-gnu- --enable-shared --enable-linker-build-id --libexecdir=/usr/lib --without-included-gettext --enable-threads=posix --libdir=/usr/lib --enable-nls --enable-bootstrap --enable-clocale=gnu --enable-libstdcxx-debug --enable-libstdcxx-time=yes --with-default-libstdcxx-abi=new --enable-gnu-unique-object --disable-vtable-verify --enable-plugin --enable-default-pie --with-system-zlib --enable-libphobos-checking=release --with-target-system-zlib=auto --enable-objc-gc=auto --enable-multiarch --disable-werror --enable-cet --with-arch-32=i686 --with-abi=m64 --with-multilib-list=m32 m64 mx32 --enable-multilib --with-tune=generic --enable-offload-targets=nvptx-none=/build/gcc-11-XeT9lY/gcc-11-11.4.0/debian/tmp-nvptx/usr amdgcn-amdhsa=/build/gcc-11-XeT9lY/gcc-11-11.4.0/debian/tmp-gcn/usr --without-cuda-driver --enable-checking=release --build=x86_64-linux-gnu --host=x86_64-linux-gnu --target=x86_64-linux-gnu --with-build-config=bootstrap-lto-lean --enable-link-serialization=2]
  ignore line: [Thread model: posix]
  ignore line: [Supported LTO compression algorithms: zlib zstd]
  ignore line: [gcc version 11.4.0 (Ubuntu 11.4.0-1ubuntu1~22.04) ]
  ignore line: [COMPILER_PATH=/usr/lib/gcc/x86_64-linux-gnu/11/:/usr/lib/gcc/x86_64-linux-gnu/11/:/usr/lib/gcc/x86_64-linux-gnu/:/usr/lib/gcc/x86_64-linux-gnu/11/:/usr/lib/gcc/x86_64-linux-gnu/]
  ignore line: [LIBRARY_PATH=/usr/lib/gcc/x86_64-linux-gnu/11/:/usr/lib/gcc/x86_64-linux-gnu/11/../../../x86_64-linux-gnu/:/usr/lib/gcc/x86_64-linux-gnu/11/../../../../lib/:/lib/x86_64-linux-gnu/:/lib/../lib/:/usr/lib/x86_64-linux-gnu/:/usr/lib/../lib/:/usr/lib/gcc/x86_64-linux-gnu/11/../../../:/lib/:/usr/lib/]
  ignore line: [COLLECT_GCC_OPTIONS='-v' '-o' 'cmTC_09ef3' '-mtune=generic' '-march=x86-64' '-dumpdir' 'cmTC_09ef3.']
  link line: [ /usr/lib/gcc/x86_64-linux-gnu/11/collect2 -plugin /usr/lib/gcc/x86_64-linux-gnu/11/liblto_plugin.so -plugin-opt=/usr/lib/gcc/x86_64-linux-gnu/11/lto-wrapper -plugin-opt=-fresolution=/tmp/ccFqdaRY.res -plugin-opt=-pass-through=-lgcc -plugin-opt=-pass-through=-lgcc_s -plugin-opt=-pass-through=-lc -plugin-opt=-pass-through=-lgcc -plugin-opt=-pass-through=-lgcc_s --build-id --eh-frame-hdr -m elf_x86_64 --hash-style=gnu --as-needed -dynamic-linker /lib64/ld-linux-x86-64.so.2 -pie -z now -z relro -o cmTC_09ef3 /usr/lib/gcc/x86_64-linux-gnu/11/../../../x86_64-linux-gnu/Scrt1.o /usr/lib/gcc/x86_64-linux-gnu/11/../../../x86_64-linux-gnu/crti.o /usr/lib/gcc/x86_64-linux-gnu/11/crtbeginS.o -L/usr/lib/gcc/x86_64-linux-gnu/11 -L/usr/lib/gcc/x86_64-linux-gnu/11/../../../x86_64-linux-gnu -L/usr/lib/gcc/x86_64-linux-gnu/11/../../../../lib -L/lib/x86_64-linux-gnu -L/lib/../lib -L/usr/lib/x86_64-linux-gnu -L/usr/lib/../lib -L/usr/lib/gcc/x86_64-linux-gnu/11/../../.. CMakeFiles/cmTC_09ef3.dir/CMakeCCompilerABI.c.o -lgcc --push-state --as-needed -lgcc_s --pop-state -lc -lgcc --push-state --as-needed -lgcc_s --pop-state /usr/lib/gcc/x86_64-linux-gnu/11/crtendS.o /usr/lib/gcc/x86_64-linux-gnu/11/../../../x86_64-linux-gnu/crtn.o]
    arg [/usr/lib/gcc/x86_64-linux-gnu/11/collect2] ==> ignore
    arg [-plugin] ==> ignore
    arg [/usr/lib/gcc/x86_64-linux-gnu/11/liblto_plugin.so] ==> ignore
    arg [-plugin-opt=/usr/lib/gcc/x86_64-linux-gnu/11/lto-wrapper] ==> ignore
    arg [-plugin-opt=-fresolution=/tmp/ccFqdaRY.res] ==> ignore
    arg [-plugin-opt=-pass-through=-lgcc] ==> ignore
    arg [-plugin-opt=-pass-through=-lgcc_s] ==> ignore
    arg [-plugin-opt=-pass-through=-lc] ==> ignore
    arg [-plugin-opt=-pass-through=-lgcc] ==> ignore
    arg [-plugin-opt=-pass-through=-lgcc_s] ==> ignore
    arg [--build-id] ==> ignore
    arg [--eh-frame-hdr] ==> ignore
    arg [-m] ==> ignore
    arg [elf_x86_64] ==> ignore
    arg [--hash-style=gnu] ==> ignore
    arg [--as-needed] ==> ignore
    arg [-dynamic-linker] ==> ignore
    arg [/lib64/ld-linux-x86-64.so.2] ==> ignore
    arg [-pie] ==> ignore
    arg [-znow] ==> ignore
    arg [-zrelro] ==> ignore
    arg [-o] ==> ignore
    arg [cmTC_09ef3] ==> ignore
    arg [/usr/lib/gcc/x86_64-linux-gnu/11/../../../x86_64-linux-gnu/Scrt1.o] ==> obj [/usr/lib/gcc/x86_64-linux-gnu/11/../../../x86_64-linux-gnu/Scrt1.o]
    arg [/usr/lib/gcc/x86_64-linux-gnu/11/../../../x86_64-linux-gnu/crti.o] ==> obj [/usr/lib/gcc/x86_64-linux-gnu/11/../../../x86_64-linux-gnu/crti.o]
    arg [/usr/lib/gcc/x86_64-linux-gnu/11/crtbeginS.o] ==> obj [/usr/lib/gcc/x86_64-linux-gnu/11/crtbeginS.o]
    arg [-L/usr/lib/gcc/x86_64-linux-gnu/11] ==> dir [/usr/lib/gcc/x86_64-linux-gnu/11]
    arg [-L/usr/lib/gcc/x86_64-linux-gnu/11/../../../x86_64-linux-gnu] ==> dir [/usr/lib/gcc/x86_64-linux-gnu/11/../../../x86_64-linux-gnu]
    arg [-L/usr/lib/gcc/x86_64-linux-gnu/11/../../../../lib] ==> dir [/usr/lib/gcc/x86_64-linux-gnu/11/../../../../lib]
    arg [-L/lib/x86_64-linux-gnu] ==> dir [/lib/x86_64-linux-gnu]
    arg [-L/lib/../lib] ==> dir [/lib/../lib]
    arg [-L/usr/lib/x86_64-linux-gnu] ==> dir [/usr/lib/x86_64-linux-gnu]
    arg [-L/usr/lib/../lib] ==> dir [/usr/lib/../lib]
    arg [-L/usr/lib/gcc/x86_64-linux-gnu/11/../../..] ==> dir [/usr/lib/gcc/x86_64-linux-gnu/11/../../..]
    arg [CMakeFiles/cmTC_09ef3.dir/CMakeCCompilerABI.c.o] ==> ignore
    arg [-lgcc] ==> lib [gcc]
    arg [--push-state] ==> ignore
    arg [--as-needed] ==> ignore
    arg [-lgcc_s] ==> lib [gcc_s]
    arg [--pop-state] ==> ignore
    arg [-lc] ==> lib [c]
    arg [-lgcc] ==> lib [gcc]
    arg [--push-state] ==> ignore
    arg [--as-needed] ==> ignore
    arg [-lgcc_s] ==> lib [gcc_s]
    arg [--pop-state] ==> ignore
    arg [/usr/lib/gcc/x86_64-linux-gnu/11/crtendS.o] ==> obj [/usr/lib/gcc/x86_64-linux-gnu/11/crtendS.o]
    arg [/usr/lib/gcc/x86_64-linux-gnu/11/../../../x86_64-linux-gnu/crtn.o] ==> obj [/usr/lib/gcc/x86_64-linux-gnu/11/../../../x86_64-linux-gnu/crtn.o]
  collapse obj [/usr/lib/gcc/x86_64-linux-gnu/11/../../../x86_64-linux-gnu/Scrt1.o] ==> [/usr/lib/x86_64-linux-gnu/Scrt1.o]
  collapse obj [/usr/lib/gcc/x86_64-linux-gnu/11/../../../x86_64-linux-gnu/crti.o] ==> [/usr/lib/x86_64-linux-gnu/crti.o]
  collapse obj [/usr/lib/gcc/x86_64-linux-gnu/11/../../../x86_64-linux-gnu/crtn.o] ==> [/usr/lib/x86_64-linux-gnu/crtn.o]
  collapse library dir [/usr/lib/gcc/x86_64-linux-gnu/11] ==> [/usr/lib/gcc/x86_64-linux-gnu/11]
  collapse library dir [/usr/lib/gcc/x86_64-linux-gnu/11/../../../x86_64-linux-gnu] ==> [/usr/lib/x86_64-linux-gnu]
  collapse library dir [/usr/lib/gcc/x86_64-linux-gnu/11/../../../../lib] ==> [/usr/lib]
  collapse library dir [/lib/x86_64-linux-gnu] ==> [/lib/x86_64-linux-gnu]
  collapse library dir [/lib/../lib] ==> [/lib]
  collapse library dir [/usr/lib/x86_64-linux-gnu] ==> [/usr/lib/x86_64-linux-gnu]
  collapse library dir [/usr/lib/../lib] ==> [/usr/lib]
  collapse library dir [/usr/lib/gcc/x86_64-linux-gnu/11/../../..] ==> [/usr/lib]
  implicit libs: [gcc;gcc_s;c;gcc;gcc_s]
  implicit objs: [/usr/lib/x86_64-linux-gnu/Scrt1.o;/usr/lib/x86_64-linux-gnu/crti.o;/usr/lib/gcc/x86_64-linux-gnu/11/crtbeginS.o;/usr/lib/gcc/x86_64-linux-gnu/11/crtendS.o;/usr/lib/x86_64-linux-gnu/crtn.o]
  implicit dirs: [/usr/lib/gcc/x86_64-linux-gnu/11;/usr/lib/x86_64-linux-gnu;/usr/lib;/lib/x86_64-linux-gnu;/lib]
  implicit fwks: []


Detecting CXX compiler ABI info compiled with the following output:
Change Dir: /home/particle/Documents/DS2_Final_Project/CMakeFiles/CMakeTmp

Run Build Command(s):/usr/bin/gmake -f Makefile cmTC_5197e/fast && /usr/bin/gmake  -f CMakeFiles/cmTC_5197e.dir/build.make CMakeFiles/cmTC_5197e.dir/build
gmake[1]: Entering directory '/home/particle/Documents/DS2_Final_Project/CMakeFiles/CMakeTmp'
Building CXX object CMakeFiles/cmTC_5197e.dir/CMakeCXXCompilerABI.cpp.o
/usr/bin/c++   -v -o CMakeFiles/cmTC_5197e.dir/CMakeCXXCompilerABI.cpp.o -c /usr/share/cmake-3.22/Modules/CMakeCXXCompilerABI.cpp
Using built-in specs.
COLLECT_GCC=/usr/bin/c++
OFFLOAD_TARGET_NAMES=nvptx-none:amdgcn-amdhsa
OFFLOAD_TARGET_DEFAULT=1
Target: x86_64-linux-gnu
Configured with: ../src/configure -v --with-pkgversion='Ubuntu 11.4.0-1ubuntu1~22.04' --with-bugurl=file:///usr/share/doc/gcc-11/README.Bugs --enable-languages=c,ada,c++,go,brig,d,fortran,objc,obj-c++,m2 --prefix=/usr --with-gcc-major-version-only --program-suffix=-11 --program-prefix=x86_64-linux-gnu- --enable-shared --enable-linker-build-id --libexecdir=/usr/lib --without-included-gettext --enable-threads=posix --libdir=/usr/lib --enable-nls --enable-bootstrap --enable-clocale=gnu --enable-libstdcxx-debug --enable-libstdcxx-time=yes --with-default-libstdcxx-abi=new --enable-gnu-unique-object --disable-vtable-verify --enable-plugin --enable-default-pie --with-system-zlib --enable-libphobos-checking=release --with-target-system-zlib=auto --enable-objc-gc=auto --enable-multiarch --disable-werror --enable-cet --with-arch-32=i686 --with-abi=m64 --with-multilib-list=m32,m64,mx32 --enable-multilib --with-tune=generic --enable-offload-targets=nvptx-none=/build/gcc-11-XeT9lY/gcc-11-11.4.0/debian/tmp-nvptx/usr,amdgcn-amdhsa=/build/gcc-11-XeT9lY/gcc-11-11.4.0/debian/tmp-gcn/usr --without-cuda-driver --enable-checking=release --build=x86_64-linux-gnu --host=x86_64-linux-gnu --target=x86_64-linux-gnu --with-build-config=bootstrap-lto-lean --enable-link-serialization=2
Thread model: posix
Supported LTO compression algorithms: zlib zstd
gcc version 11.4.0 (Ubuntu 11.4.0-1ubuntu1~22.04) 
COLLECT_GCC_OPTIONS='-v' '-o' 'CMakeFiles/cmTC_5197e.dir/CMakeCXXCompilerABI.cpp.o' '-c' '-shared-libgcc' '-mtune=generic' '-march=x86-64' '-dumpdir' 'CMakeFiles/cmTC_5197e.dir/'
 /usr/lib/gcc/x86_64-linux-gnu/11/cc1plus -quiet -v -imultiarch x86_64-linux-gnu -D_GNU_SOURCE /usr/share/cmake-3.22/Modules/CMakeCXXCompilerABI.cpp -quiet -dumpdir CMakeFiles/cmTC_5197e.dir/ -dumpbase CMakeCXXCompilerABI.cpp.cpp -dumpbase-ext .cpp -mtune=generic -march=x86-64 -version -fasynchronous-unwind-tables -fstack-protector-strong -Wformat -Wformat-security -fstack-clash-protection -fcf-protection -o /tmp/cc3Fdcq4.s
GNU C++17 (Ubuntu 11.4.0-1ubuntu1~22.04) version 11.4.0 (x86_64-linux-gnu)
	compiled by GNU C version 11.4.0, GMP version 6.2.1, MPFR version 4.1.0, MPC version 1.2.1, isl version isl-0.24-GMP

GGC heuristics: --param ggc-min-expand=100 --param ggc-min-heapsize=131072
ignoring duplicate directory "/usr/include/x86_64-linux-gnu/c++/11"
ignoring nonexistent directory "/usr/local/include/x86_64-linux-gnu"
ignoring nonexistent directory "/usr/lib/gcc/x86_64-linux-gnu/11/include-fixed"
ignoring nonexistent directory "/usr/lib/gcc/x86_64-linux-gnu/11/../../../../x86_64-linux-gnu/include"
#include "..." search starts here:
#include <...> search starts here:
 /usr/include/c++/11
 /usr/include/x86_64-linux-gnu/c++/11
 /usr/include/c++/11/backward
 /usr/lib/gcc/x86_64-linux-gnu/11/include
 /usr/local/include
 /usr/include/x86_64-linux-gnu
 /usr/include
End of search list.
GNU C++17 (Ubuntu 11.4.0-1ubuntu1~22.04) version 11.4.0 (x86_64-linux-gnu)
	compiled by GNU C version 11.4.0, GMP version 6.2.1, MPFR version 4.1.0, MPC version 1.2.1, isl version isl-0.24-GMP

GGC heuristics: --param ggc-min-expand=100 --param ggc-min-heapsize=131072
Compiler executable checksum: d591828bb4d392ae8b7b160e5bb0b95f
COLLECT_GCC_OPTIONS='-v' '-o' 'CMakeFiles/cmTC_5197e.dir/CMakeCXXCompilerABI.cpp.o' '-c' '-shared-libgcc' '-mtune=generic' '-march=x86-64' '-dumpdir' 'CMakeFiles/cmTC_5197e.dir/'
 as -v --64 -o CMakeFiles/cmTC_5197e.dir/CMakeCXXCompilerABI.cpp.o /tmp/cc3Fdcq4.s
GNU assembler version 2.38 (x86_64-linux-gnu) using BFD version (GNU Binutils for Ubuntu) 2.38
COMPILER_PATH=/usr/lib/gcc/x86_64-linux-gnu/11/:/usr/lib/gcc/x86_64-linux-gnu/11/:/usr/lib/gcc/x86_64-linux-gnu/:/usr/lib/gcc/x86_64-linux-gnu/11/:/usr/lib/gcc/x86_64-linux-gnu/
LIBRARY_PATH=/usr/lib/gcc/x86_64-linux-gnu/11/:/usr/lib/gcc/x86_64-linux-gnu/11/../../../x86_64-linux-gnu/:/usr/lib/gcc/x86_64-linux-gnu/11/../../../../lib/:/lib/x86_64-linux-gnu/:/lib/../lib/:/usr/lib/x86_64-linux-gnu/:/usr/lib/../lib/:/usr/lib/gcc/x86_64-linux-gnu/11/../../../:/lib/:/usr/lib/
COLLECT_GCC_OPTIONS='-v' '-o' 'CMakeFiles/cmTC_5197e.dir/CMakeCXXCompilerABI.cpp.o' '-c' '-shared-libgcc' '-mtune=generic' '-march=x86-64' '-dumpdir' 'CMakeFiles/cmTC_5197e.dir/CMakeCXXCompilerABI.cpp.'
Linking CXX executable cmTC_5197e
/usr/bin/cmake -E cmake_link_script CMakeFiles/cmTC_5197e.dir/link.txt --verbose=1
/usr/bin/c++  -v CMakeFiles/cmTC_5197e.dir/CMakeCXXCompilerABI.cpp.o -o cmTC_5197e 
Using built-in specs.
COLLECT_GCC=/usr/bin/c++
COLLECT_LTO_WRAPPER=/usr/lib/gcc/x86_64-linux-gnu/11/lto-wrapper
OFFLOAD_TARGET_NAMES=nvptx-none:amdgcn-amdhsa
OFFLOAD_TARGET_DEFAULT=1
Target: x86_64-linux-gnu
Configured with: ../src/configure -v --with-pkgversion='Ubuntu 11.4.0-1ubuntu1~22.04' --with-bugurl=file:///usr/share/doc/gcc-11/README.Bugs --enable-languages=c,ada,c++,go,brig,d,fortran,objc,obj-c++,m2 --prefix=/usr --with-gcc-major-version-only --program-suffix=-11 --program-prefix=x86_64-linux-gnu- --enable-shared --enable-linker-build-id --libexecdir=/usr/lib --without-included-gettext --enable-threads=posix --libdir=/usr/lib --enable-nls --enable-bootstrap --enable-clocale=gnu --enable-libstdcxx-debug --enable-libstdcxx-time=yes --with-default-libstdcxx-abi=new --enable-gnu-unique-object --disable-vtable-verify --enable-plugin --enable-default-pie --with-system-zlib --enable-libphobos-checking=release --with-target-system-zlib=auto --enable-objc-gc=auto --enable-multiarch --disable-werror --enable-cet --with-arch-32=i686 --with-abi=m64 --with-multilib-list=m32,m64,mx32 --enable-multilib --with-tune=generic --enable-offload-targets=nvptx-none=/build/gcc-11-XeT9lY/gcc-11-11.4.0/debian/tmp-nvptx/usr,amdgcn-amdhsa=/build/gcc-11-XeT9lY/gcc-11-11.4.0/debian/tmp-gcn/usr --without-cuda-driver --enable-checking=release --build=x86_64-linux-gnu --host=x86_64-linux-gnu --target=x86_64-linux-gnu --with-build-config=bootstrap-lto-lean --enable-link-serialization=2
Thread model: posix
Supported LTO compression algorithms: zlib zstd
gcc version 11.4.0 (Ubuntu 11.4.0-1ubuntu1~22.04) 
COMPILER_PATH=/usr/lib/gcc/x86_64-linux-gnu/11/:/usr/lib/gcc/x86_64-linux-gnu/11/:/usr/lib/gcc/x86_64-linux-gnu/:/usr/lib/gcc/x86_64-linux-gnu/11/:/usr/lib/gcc/x86_64-linux-gnu/
LIBRARY_PATH=/usr/lib/gcc/x86_64-linux-gnu/11/:/usr/lib/gcc/x86_64-linux-gnu/11/../../../x86_64-linux-gnu/:/usr/lib/gcc/x86_64-linux-gnu/11/../../../../lib/:/lib/x86_64-linux-gnu/:/lib/../lib/:/usr/lib/x86_64-linux-gnu/:/usr/lib/../lib/:/usr/lib/gcc/x86_64-linux-gnu/11/../../../:/lib/:/usr/lib/
COLLECT_GCC_OPTIONS='-v' '-o' 'cmTC_5197e' '-shared-libgcc' '-mtune=generic' '-march=x86-64' '-dumpdir' 'cmTC_5197e.'
 /usr/lib/gcc/x86_64-linux-gnu/11/collect2 -plugin /usr/lib/gcc/x86_64-linux-gnu/11/liblto_plugin.so -plugin-opt=/usr/lib/gcc/x86_64-linux-gnu/11/lto-wrapper -plugin-opt=-fresolution=/tmp/cc6Hm1qz.res -plugin-opt=-pass-through=-lgcc_s -plugin-opt=-pass-through=-lgcc -plugin-opt=-pass-through=-lc -plugin-opt=-pass-through=-lgcc_s -plugin-opt=-pass-through=-lgcc --build-id --eh-frame-hdr -m elf_x86_64 --hash-style=gnu --as-needed -dynamic-linker /lib64/ld-linux-x86-64.so.2 -pie -z now -z relro -o cmTC_5197e /usr/lib/gcc/x86_64-linux-gnu/11/../../../x86_64-linux-gnu/Scrt1.o /usr/lib/gcc/x86_64-linux-gnu/11/../../../x86_64-linux-gnu/crti.o /usr/lib/gcc/x86_64-linux-gnu/11/crtbeginS.o -L/usr/lib/gcc/x86_64-linux-gnu/11 -L/usr/lib/gcc/x86_64-linux-gnu/11/../../../x86_64-linux-gnu -L/usr/lib/gcc/x86_64-linux-gnu/11/../../../../lib -L/lib/x86_64-linux-gnu -L/lib/../lib -L/usr/lib/x86_64-linux-gnu -L/usr/lib/../lib -L/usr/lib/gcc/x86_64-linux-gnu/11/../../.. CMakeFiles/cmTC_5197e.dir/CMakeCXXCompilerABI.cpp.o -lstdc++ -lm -lgcc_s -lgcc -lc -lgcc_s -lgcc /usr/lib/gcc/x86_64-linux-gnu/11/crtendS.o /usr/lib/gcc/x86_64-linux-gnu/11/../../../x86_64-linux-gnu/crtn.o
COLLECT_GCC_OPTIONS='-v' '-o' 'cmTC_5197e' '-shared-libgcc' '-mtune=generic' '-march=x86-64' '-dumpdir' 'cmTC_5197e.'
gmake[1]: Leaving directory '/home/particle/Documents/DS2_Final_Project/CMakeFiles/CMakeTmp'



Parsed CXX implicit include dir info from above output: rv=done
  found start of include info
  found start of implicit include info
    add: [/usr/include/c++/11]
    add: [/usr/include/x86_64-linux-gnu/c++/11]
    add: [/usr/include/c++/11/backward]
    add: [/usr/lib/gcc/x86_64-linux-gnu/11/include]
    add: [/usr/local/include]
    add: [/usr/include/x86_64-linux-gnu]
    add: [/usr/include]
  end of search list found
  collapse include dir [/usr/include/c++/11] ==> [/usr/include/c++/11]
  collapse include dir [/usr/include/x86_64-linux-gnu/c++/11] ==> [/usr/include/x86_64-linux-gnu/c++/11]
  collapse include dir [/usr/include/c++/11/backward] ==> [/usr/include/c++/11/backward]
  collapse include dir [/usr/lib/gcc/x86_64-linux-gnu/11/include] ==> [/usr/lib/gcc/x86_64-linux-gnu/11/include]
  collapse include dir [/usr/local/include] ==> [/usr/local/include]
  collapse include dir [/usr/include/x86_64-linux-gnu] ==> [/usr/include/x86_64-linux-gnu]
  collapse include dir [/usr/include] ==> [/usr/include]
  implicit include dirs: [/usr/include/c++/11;/usr/include/x86_64-linux-gnu/c++/11;/usr/include/c++/11/backward;/usr/lib/gcc/x86_64-linux-gnu/11/include;/usr/local/include;/usr/include/x86_64-linux-gnu;/usr/include]


Parsed CXX implicit link information from above output:
  link line regex: [^( *|.*[/\])(ld|CMAKE_LINK_STARTFILE-NOTFOUND|([^/\]+-)?ld|collect2)[^/\]*( |$)]
  ignore line: [Change Dir: /home/particle/Documents/DS2_Final_Project/CMakeFiles/CMakeTmp]
  ignore line: []
  ignore line: [Run Build Command(s):/usr/bin/gmake -f Makefile cmTC_5197e/fast && /usr/bin/gmake  -f CMakeFiles/cmTC_5197e.dir/build.make CMakeFiles/cmTC_5197e.dir/build]
  ignore line: [gmake[1]: Entering directory '/home/particle/Documents/DS2_Final_Project/CMakeFiles/CMakeTmp']
  ignore line: [Building CXX object CMakeFiles/cmTC_5197e.dir/CMakeCXXCompilerABI.cpp.o]
  ignore line: [/usr/bin/c++   -v -o CMakeFiles/cmTC_5197e.dir/CMakeCXXCompilerABI.cpp.o -c /usr/share/cmake-3.22/Modules/CMakeCXXCompilerABI.cpp]
  ignore line: [Using built-in specs.]
  ignore line: [COLLECT_GCC=/usr/bin/c++]
  ignore line: [OFFLOAD_TARGET_NAMES=nvptx-none:amdgcn-amdhsa]
  ignore line: [OFFLOAD_TARGET_DEFAULT=1]
  ignore line: [Target: x86_64-linux-gnu]
  ignore line: [Configured with: ../src/configure -v --with-pkgversion='Ubuntu 11.4.0-1ubuntu1~22.04' --with-bugurl=file:///usr/share/doc/gcc-11/README.Bugs --enable-languages=c ada c++ go brig d fortran objc obj-c++ m2 --prefix=/usr --with-gcc-major-version-only --program-suffix=-11 --program-prefix=x86_64-linux-gnu- --enable-shared --enable-linker-build-id --libexecdir=/usr/lib --without-included-gettext --enable-threads=posix --libdir=/usr/lib --enable-nls --enable-bootstrap --enable-clocale=gnu --enable-libstdcxx-debug --enable-libstdcxx-time=yes --with-default-libstdcxx-abi=new --enable-gnu-unique-object --disable-vtable-verify --enable-plugin --enable-default-pie --with-system-zlib --enable-libphobos-checking=release --with-target-system-zlib=auto --enable-objc-gc=auto --enable-multiarch --disable-werror --enable-cet --with-arch-32=i686 --with-abi=m64 --with-multilib-list=m32 m64 mx32 --enable-multilib --with-tune=generic --enable-offload-targets=nvptx-none=/build/gcc-11-XeT9lY/gcc-11-11.4.0/debian/tmp-nvptx/usr amdgcn-amdhsa=/build/gcc-11-XeT9lY/gcc-11-11.4.0/debian/tmp-gcn/usr --without-cuda-driver --enable-checking=release --build=x86_64-linux-gnu --host=x86_64-linux-gnu --target=x86_64-linux-gnu --with-build-config=bootstrap-lto-lean --enable-link-serialization=2]
  ignore line: [Thread model: posix]
  ignore line: [Supported LTO compression algorithms: zlib zstd]
  ignore line: [gcc version 11.4.0 (Ubuntu 11.4.0-1ubuntu1~22.04) ]
  ignore line: [COLLECT_GCC_OPTIONS='-v' '-o' 'CMakeFiles/cmTC_5197e.dir/CMakeCXXCompilerABI.cpp.o' '-c' '-shared-libgcc' '-mtune=generic' '-march=x86-64' '-dumpdir' 'CMakeFiles/cmTC_5197e.dir/']
  ignore line: [ /usr/lib/gcc/x86_64-linux-gnu/11/cc1plus -quiet -v -imultiarch x86_64-linux-gnu -D_GNU_SOURCE /usr/share/cmake-3.22/Modules/CMakeCXXCompilerABI.cpp -quiet -dumpdir CMakeFiles/cmTC_5197e.dir/ -dumpbase CMakeCXXCompilerABI.cpp.cpp -dumpbase-ext .cpp -mtune=generic -march=x86-64 -version -fasynchronous-unwind-tables -fstack-protector-strong -Wformat -Wformat-security -fstack-clash-protection -fcf-protection -o /tmp/cc3Fdcq4.s]
  ignore line: [GNU C++17 (Ubuntu 11.4.0-1ubuntu1~22.04) version 11.4.0 (x86_64-linux-gnu)]
  ignore line: [	compiled by GNU C version 11.4.0  GMP version 6.2.1  MPFR version 4.1.0  MPC version 1.2.1  isl version isl-0.24-GMP]
  ignore line: []
  ignore line: [GGC heuristics: --param ggc-min-expand=100 --param ggc-min-heapsize=131072]
  ignore line: [ignoring duplicate directory "/usr/include/x86_64-linux-gnu/c++/11"]
  ignore line: [ignoring nonexistent directory "/usr/local/include/x86_64-linux-gnu"]
  ignore line: [ignoring nonexistent directory "/usr/lib/gcc/x86_64-linux-gnu/11/include-fixed"]
  ignore line: [ignoring nonexistent directory "/usr/lib/gcc/x86_64-linux-gnu/11/../../../../x86_64-linux-gnu/include"]
  ignore line: [#include "..." search starts here:]
  ignore line: [#include <...> search starts here:]
  ignore line: [ /usr/include/c++/11]
  ignore line: [ /usr/include/x86_64-linux-gnu/c++/11]
  ignore line: [ /usr/include/c++/11/backward]
  ignore line: [ /usr/lib/gcc/x86_64-linux-gnu/11/include]
  ignore line: [ /usr/local/include]
  ignore line: [ /usr/include/x86_64-linux-gnu]
  ignore line: [ /usr/include]
  ignore line: [End of search list.]
  ignore line: [GNU C++17 (Ubuntu 11.4.0-1ubuntu1~22.04) version 11.4.0 (x86_64-linux-gnu)]
  ignore line: [	compiled by GNU C version 11.4.0  GMP version 6.2.1  MPFR version 4.1.0  MPC version 1.2.1  isl version isl-0.24-GMP]
  ignore line: []
  ignore line: [GGC heuristics: --param ggc-min-expand=100 --param ggc-min-heapsize=131072]
  ignore line: [Compiler executable checksum: d591828bb4d392ae8b7b160e5bb0b95f]
  ignore line: [COLLECT_GCC_OPTIONS='-v' '-o' 'CMakeFiles/cmTC_5197e.dir/CMakeCXXCompilerABI.cpp.o' '-c' '-shared-libgcc' '-mtune=generic' '-march=x86-64' '-dumpdir' 'CMakeFiles/cmTC_5197e.dir/']
  ignore line: [ as -v --64 -o CMakeFiles/cmTC_5197e.dir/CMakeCXXCompilerABI.cpp.o /tmp/cc3Fdcq4.s]
  ignore line: [GNU assembler version 2.38 (x86_64-linux-gnu) using BFD version (GNU Binutils for Ubuntu) 2.38]
  ignore line: [COMPILER_PATH=/usr/lib/gcc/x86_64-linux-gnu/11/:/usr/lib/gcc/x86_64-linux-gnu/11/:/usr/lib/gcc/x86_64-linux-gnu/:/usr/lib/gcc/x86_64-linux-gnu/11/:/usr/lib/gcc/x86_64-linux-gnu/]
  ignore line: [LIBRARY_PATH=/usr/lib/gcc/x86_64-linux-gnu/11/:/usr/lib/gcc/x86_64-linux-gnu/11/../../../x86_64-linux-gnu/:/usr/lib/gcc/x86_64-linux-gnu/11/../../../../lib/:/lib/x86_64-linux-gnu/:/lib/../lib/:/usr/lib/x86_64-linux-gnu/:/usr/lib/../lib/:/usr/lib/gcc/x86_64-linux-gnu/11/../../../:/lib/:/usr/lib/]
  ignore line: [COLLECT_GCC_OPTIONS='-v' '-o' 'CMakeFiles/cmTC_5197e.dir/CMakeCXXCompilerABI.cpp.o' '-c' '-shared-libgcc' '-mtune=generic' '-march=x86-64' '-dumpdir' 'CMakeFiles/cmTC_5197e.dir/CMakeCXXCompilerABI.cpp.']
  ignore line: [Linking CXX executable cmTC_5197e]
  ignore line: [/usr/bin/cmake -E cmake_link_script CMakeFiles/cmTC_5197e.dir/link.txt --verbose=1]
  ignore line: [/usr/bin/c++  -v CMakeFiles/cmTC_5197e.dir/CMakeCXXCompilerABI.cpp.o -o cmTC_5197e ]
  ignore line: [Using built-in specs.]
  ignore line: [COLLECT_GCC=/usr/bin/c++]
  ignore line: [COLLECT_LTO_WRAPPER=/usr/lib/gcc/x86_64-linux-gnu/11/lto-wrapper]
  ignore line: [OFFLOAD_TARGET_NAMES=nvptx-none:amdgcn-amdhsa]
  ignore line: [OFFLOAD_TARGET_DEFAULT=1]
  ignore line: [Target: x86_64-linux-gnu]
  ignore line: [Configured with: ../src/configure -v --with-pkgversion='Ubuntu 11.4.0-1ubuntu1~22.04' --with-bugurl=file:///usr/share/doc/gcc-11/README.Bugs --enable-languages=c ada c++ go brig d fortran objc obj-c++ m2 --prefix=/usr --with-gcc-major-version-only --program-suffix=-11 --program-prefix=x86_64-linux-gnu- --enable-shared --enable-linker-build-id --libexecdir=/usr/lib --without-included-gettext --enable-threads=posix --libdir=/usr/lib --enable-nls --enable-bootstrap --enable-clocale=gnu --enable-libstdcxx-debug --enable-libstdcxx-time=yes --with-default-libstdcxx-abi=new --enable-gnu-unique-object --disable-vtable-verify --enable-plugin --enable-default-pie --with-system-zlib --enable-libphobos-checking=release --with-target-system-zlib=auto --enable-objc-gc=auto --enable-multiarch --disable-werror --enable-cet --with-arch-32=i686 --with-abi=m64 --with-multilib-list=m32 m64 mx32 --enable-multilib --with-tune=generic --enable-offload-targets=nvptx-none=/build/gcc-11-XeT9lY/gcc-11-11.4.0/debian/tmp-nvptx/usr amdgcn-amdhsa=/build/gcc-11-XeT9lY/gcc-11-11.4.0/debian/tmp-gcn/usr --without-cuda-driver --enable-checking=release --build=x86_64-linux-gnu --host=x86_64-linux-gnu --target=x86_64-linux-gnu --with-build-config=bootstrap-lto-lean --enable-link-serialization=2]
  ignore line: [Thread model: posix]
  ignore line: [Supported LTO compression algorithms: zlib zstd]
  ignore line: [gcc version 11.4.0 (Ubuntu 11.4.0-1ubuntu1~22.04) ]
  ignore line: [COMPILER_PATH=/usr/lib/gcc/x86_64-linux-gnu/11/:/usr/lib/gcc/x86_64-linux-gnu/11/:/usr/lib/gcc/x86_64-linux-gnu/:/usr/lib/gcc/x86_64-linux-gnu/11/:/usr/lib/gcc/x86_64-linux-gnu/]
  ignore line: [LIBRARY_PATH=/usr/lib/gcc/x86_64-linux-gnu/11/:/usr/lib/gcc/x86_64-linux-gnu/11/../../../x86_64-linux-gnu/:/usr/lib/gcc/x86_64-linux-gnu/11/../../../../lib/:/lib/x86_64-linux-gnu/:/lib/../lib/:/usr/lib/x86_64-linux-gnu/:/usr/lib/../lib/:/usr/lib/gcc/x86_64-linux-gnu/11/../../../:/lib/:/usr/lib/]
  ignore line: [COLLECT_GCC_OPTIONS='-v' '-o' 'cmTC_5197e' '-shared-libgcc' '-mtune=generic' '-march=x86-64' '-dumpdir' 'cmTC_5197e.']
  link line: [ /usr/lib/gcc/x86_64-linux-gnu/11/collect2 -plugin /usr/lib/gcc/x86_64-linux-gnu/11/liblto_plugin.so -plugin-opt=/usr/lib/gcc/x86_64-linux-gnu/11/lto-wrapper -plugin-opt=-fresolution=/tmp/cc6Hm1qz.res -plugin-opt=-pass-through=-lgcc_s -plugin-opt=-pass-through=-lgcc -plugin-opt=-pass-through=-lc -plugin-opt=-pass-through=-lgcc_s -plugin-opt=-pass-through=-lgcc --build-id --eh-frame-hdr -m elf_x86_64 --hash-style=gnu --as-needed -dynamic-linker /lib64/ld-linux-x86-64.so.2 -pie -z now -z relro -o cmTC_5197e /usr/lib/gcc/x86_64-linux-gnu/11/../../../x86_64-linux-gnu/Scrt1.o /usr/lib/gcc/x86_64-linux-gnu/11/../../../x86_64-linux-gnu/crti.o /usr/lib/gcc/x86_64-linux-gnu/11/crtbeginS.o -L/usr/lib/gcc/x86_64-linux-gnu/11 -L/usr/lib/gcc/x86_64-linux-gnu/11/../../../x86_64-linux-gnu -L/usr/lib/gcc/x86_64-linux-gnu/11/../../../../lib -L/lib/x86_64-linux-gnu -L/lib/../lib -L/usr/lib/x86_64-linux-gnu -L/usr/lib/../lib -L/usr/lib/gcc/x86_64-linux-gnu/11/../../.. CMakeFiles/cmTC_5197e.dir/CMakeCXXCompilerABI.cpp.o -lstdc++ -lm -lgcc_s -lgcc -lc -lgcc_s -lgcc /usr/lib/gcc/x86_64-linux-gnu/11/crtendS.o /usr/lib/gcc/x86_64-linux-gnu/11/../../../x86_64-linux-gnu/crtn.o]
    arg [/usr/lib/gcc/x86_64-linux-gnu/11/collect2] ==> ignore
    arg [-plugin] ==> ignore
    arg [/usr/lib/gcc/x86_64-linux-gnu/11/liblto_plugin.so] ==> ignore
    arg [-plugin-opt=/usr/lib/gcc/x86_64-linux-gnu/11/lto-wrapper] ==> ignore
    arg [-plugin-opt=-fresolution=/tmp/cc6Hm1qz.res] ==> ignore
    arg [-plugin-opt=-pass-through=-lgcc_s] ==> ignore
    arg [-plugin-opt=-pass-through=-lgcc] ==> ignore
    arg [-plugin-opt=-pass-through=-lc] ==> ignore
    arg [-plugin-opt=-pass-through=-lgcc_s] ==> ignore
    arg [-plugin-opt=-pass-through=-lgcc] ==> ignore
    arg [--build-id] ==> ignore
    arg [--eh-frame-hdr] ==> ignore
    arg [-m] ==> ignore
    arg [elf_x86_64] ==> ignore
    arg [--hash-style=gnu] ==> ignore
    arg [--as-needed] ==> ignore
    arg [-dynamic-linker] ==> ignore
    arg [/lib64/ld-linux-x86-64.so.2] ==> ignore
    arg [-pie] ==> ignore
    arg [-znow] ==> ignore
    arg [-zrelro] ==> ignore
    arg [-o] ==> ignore
    arg [cmTC_5197e] ==> ignore
    arg [/usr/lib/gcc/x86_64-linux-gnu/11/../../../x86_64-linux-gnu/Scrt1.o] ==> obj [/usr/lib/gcc/x86_64-linux-gnu/11/../../../x86_64-linux-gnu/Scrt1.o]
    arg [/usr/lib/gcc/x86_64-linux-gnu/11/../../../x86_64-linux-gnu/crti.o] ==> obj [/usr/lib/gcc/x86_64-linux-gnu/11/../../../x86_64-linux-gnu/crti.o]
    arg [/usr/lib/gcc/x86_64-linux-gnu/11/crtbeginS.o] ==> obj [/usr/lib/gcc/x86_64-linux-gnu/11/crtbeginS.o]
    arg [-L/usr/lib/gcc/x86_64-linux-gnu/11] ==> dir [/usr/lib/gcc/x86_64-linux-gnu/11]
    arg [-L/usr/lib/gcc/x86_64-linux-gnu/11/../../../x86_64-linux-gnu] ==> dir [/usr/lib/gcc/x86_64-linux-gnu/11/../../../x86_64-linux-gnu]
    arg [-L/usr/lib/gcc/x86_64-linux-gnu/11/../../../../lib] ==> dir [/usr/lib/gcc/x86_64-linux-gnu/11/../../../../lib]
    arg [-L/lib/x86_64-linux-gnu] ==> dir [/lib/x86_64-linux-gnu]
    arg [-L/lib/../lib] ==> dir [/lib/../lib]
    arg [-L/usr/lib/x86_64-linux-gnu] ==> dir [/usr/lib/x86_64-linux-gnu]
    arg [-L/usr/lib/../lib] ==> dir [/usr/lib/../lib]
    arg [-L/usr/lib/gcc/x86_64-linux-gnu/11/../../..] ==> dir [/usr/lib/gcc/x86_64-linux-gnu/11/../../..]
    arg [CMakeFiles/cmTC_5197e.dir/CMakeCXXCompilerABI.cpp.o] ==> ignore
    arg [-lstdc++] ==> lib [stdc++]
    arg [-lm] ==> lib [m]
    arg [-lgcc_s] ==> lib [gcc_s]
    arg [-lgcc] ==> lib [gcc]
    arg [-lc] ==> lib [c]
    arg [-lgcc_s] ==> lib [gcc_s]
    arg [-lgcc] ==> lib [gcc]
    arg [/usr/lib/gcc/x86_64-linux-gnu/11/crtendS.o] ==> obj [/usr/lib/gcc/x86_64-linux-gnu/11/crtendS.o]
    arg [/usr/lib/gcc/x86_64-linux-gnu/11/../../../x86_64-linux-gnu/crtn.o] ==> obj [/usr/lib/gcc/x86_64-linux-gnu/11/../../../x86_64-linux-gnu/crtn.o]
  collapse obj [/usr/lib/gcc/x86_64-linux-gnu/11/../../../x86_64-linux-gnu/Scrt1.o] ==> [/usr/lib/x86_64-linux-gnu/Scrt1.o]
  collapse obj [/usr/lib/gcc/x86_64-linux-gnu/11/../../../x86_64-linux-gnu/crti.o] ==> [/usr/lib/x86_64-linux-gnu/crti.o]
  collapse obj [/usr/lib/gcc/x86_64-linux-gnu/11/../../../x86_64-linux-gnu/crtn.o] ==> [/usr/lib/x86_64-linux-gnu/crtn.o]
  collapse library dir [/usr/lib/gcc/x86_64-linux-gnu/11] ==> [/usr/lib/gcc/x86_64-linux-gnu/11]
  collapse library dir [/usr/lib/gcc/x86_64-linux-gnu/11/../../../x86_64-linux-gnu] ==> [/usr/lib/x86_64-linux-gnu]
  collapse library dir [/usr/lib/gcc/x86_64-linux-gnu/11/../../../../lib] ==> [/usr/lib]
  collapse library dir [/lib/x86_64-linux-gnu] ==> [/lib/x86_64-linux-gnu]
  collapse library dir [/lib/../lib] ==> [/lib]
  collapse library dir [/usr/lib/x86_64-linux-gnu] ==> [/usr/lib/x86_64-linux-gnu]
  collapse library dir [/usr/lib/../lib] ==> [/usr/lib]
  collapse library dir [/usr/lib/gcc/x86_64-linux-gnu/11/../../..] ==> [/usr/lib]
  implicit libs: [stdc++;m;gcc_s;gcc;c;gcc_s;gcc]
  implicit objs: [/usr/lib/x86_64-linux-gnu/Scrt1.o;/usr/lib/x86_64-linux-gnu/crti.o;/usr/lib/gcc/x86_64-linux-gnu/11/crtbeginS.o;/usr/lib/gcc/x86_64-linux-gnu/11/crtendS.o;/usr/lib/x86_64-linux-gnu/crtn.o]
  implicit dirs: [/usr/lib/gcc/x86_64-linux-gnu/11;/usr/lib/x86_64-linux-gnu;/usr/lib;/lib/x86_64-linux-gnu;/lib]
  implicit fwks: []


Performing C SOURCE FILE Test CAN_BUILD_AVX succeeded with the following output:
Change Dir: /home/particle/Documents/DS2_Final_Project/CMakeFiles/CMakeTmp

Run Build Command(s):/usr/bin/gmake -f Makefile cmTC_2c428/fast && /usr/bin/gmake  -f CMakeFiles/cmTC_2c428.dir/build.make CMakeFiles/cmTC_2c428.dir/build
gmake[1]: Entering directory '/home/particle/Documents/DS2_Final_Project/CMakeFiles/CMakeTmp'
Building C object CMakeFiles/cmTC_2c428.dir/src.c.o
/usr/bin/cc -DCAN_BUILD_AVX  -mavx -fPIE -std=c11 -o CMakeFiles/cmTC_2c428.dir/src.c.o -c /home/particle/Documents/DS2_Final_Project/CMakeFiles/CMakeTmp/src.c
Linking C executable cmTC_2c428
/usr/bin/cmake -E cmake_link_script CMakeFiles/cmTC_2c428.dir/link.txt --verbose=1
/usr/bin/cc  -mavx CMakeFiles/cmTC_2c428.dir/src.c.o -o cmTC_2c428 
gmake[1]: Leaving directory '/home/particle/Documents/DS2_Final_Project/CMakeFiles/CMakeTmp'


Source file was:

      #include <immintrin.h>
      int main(int argc, char* argv[]) {
        __m256d ymm;
        return 0;
      }
    
Performing C SOURCE FILE Test SUPPORTS_GOLD succeeded with the following output:
Change Dir: /home/particle/Documents/DS2_Final_Project/CMakeFiles/CMakeTmp

Run Build Command(s):/usr/bin/gmake -f Makefile cmTC_4905f/fast && /usr/bin/gmake  -f CMakeFiles/cmTC_4905f.dir/build.make CMakeFiles/cmTC_4905f.dir/build
gmake[1]: Entering directory '/home/particle/Documents/DS2_Final_Project/CMakeFiles/CMakeTmp'
Building C object CMakeFiles/cmTC_4905f.dir/src.c.o
/usr/bin/cc -DSUPPORTS_GOLD  -fuse-ld=gold -fPIE -std=c11 -o CMakeFiles/cmTC_4905f.dir/src.c.o -c /home/particle/Documents/DS2_Final_Project/CMakeFiles/CMakeTmp/src.c
Linking C executable cmTC_4905f
/usr/bin/cmake -E cmake_link_script CMakeFiles/cmTC_4905f.dir/link.txt --verbose=1
/usr/bin/cc  -fuse-ld=gold CMakeFiles/cmTC_4905f.dir/src.c.o -o cmTC_4905f 
gmake[1]: Leaving directory '/home/particle/Documents/DS2_Final_Project/CMakeFiles/CMakeTmp'


Source file was:
int main() {}
Performing C SOURCE FILE Test SUPPORTS_GC_SECTIONS succeeded with the following output:
Change Dir: /home/particle/Documents/DS2_Final_Project/CMakeFiles/CMakeTmp

Run Build Command(s):/usr/bin/gmake -f Makefile cmTC_132f6/fast && /usr/bin/gmake  -f CMakeFiles/cmTC_132f6.dir/build.make CMakeFiles/cmTC_132f6.dir/build
gmake[1]: Entering directory '/home/particle/Documents/DS2_Final_Project/CMakeFiles/CMakeTmp'
Building C object CMakeFiles/cmTC_132f6.dir/src.c.o
/usr/bin/cc -DSUPPORTS_GC_SECTIONS  -fuse-ld=gold -fPIE -std=c11 -o CMakeFiles/cmTC_132f6.dir/src.c.o -c /home/particle/Documents/DS2_Final_Project/CMakeFiles/CMakeTmp/src.c
Linking C executable cmTC_132f6
/usr/bin/cmake -E cmake_link_script CMakeFiles/cmTC_132f6.dir/link.txt --verbose=1
/usr/bin/cc  -fuse-ld=gold CMakeFiles/cmTC_132f6.dir/src.c.o -o cmTC_132f6 
gmake[1]: Leaving directory '/home/particle/Documents/DS2_Final_Project/CMakeFiles/CMakeTmp'


Source file was:
int main() {}
Determining if the include file sys/types.h exists passed with the following output:
Change Dir: /home/particle/Documents/DS2_Final_Project/CMakeFiles/CMakeTmp

Run Build Command(s):/usr/bin/gmake -f Makefile cmTC_ce2c1/fast && /usr/bin/gmake  -f CMakeFiles/cmTC_ce2c1.dir/build.make CMakeFiles/cmTC_ce2c1.dir/build
gmake[1]: Entering directory '/home/particle/Documents/DS2_Final_Project/CMakeFiles/CMakeTmp'
Building C object CMakeFiles/cmTC_ce2c1.dir/CheckIncludeFile.c.o
/usr/bin/cc -D_FILE_OFFSET_BITS=64 -D_LARGEFILE_SOURCE -D_LARGE_FILES -D__STDC_CONSTANT_MACROS -D__STDC_FORMAT_MACROS -D__STDC_LIMIT_MACROS  -fPIE -o CMakeFiles/cmTC_ce2c1.dir/CheckIncludeFile.c.o -c /home/particle/Documents/DS2_Final_Project/CMakeFiles/CMakeTmp/CheckIncludeFile.c
Linking C executable cmTC_ce2c1
/usr/bin/cmake -E cmake_link_script CMakeFiles/cmTC_ce2c1.dir/link.txt --verbose=1
/usr/bin/cc -rdynamic CMakeFiles/cmTC_ce2c1.dir/CheckIncludeFile.c.o -o cmTC_ce2c1 
gmake[1]: Leaving directory '/home/particle/Documents/DS2_Final_Project/CMakeFiles/CMakeTmp'



Determining if the include file inttypes.h exists passed with the following output:
Change Dir: /home/particle/Documents/DS2_Final_Project/CMakeFiles/CMakeTmp

Run Build Command(s):/usr/bin/gmake -f Makefile cmTC_56109/fast && /usr/bin/gmake  -f CMakeFiles/cmTC_56109.dir/build.make CMakeFiles/cmTC_56109.dir/build
gmake[1]: Entering directory '/home/particle/Documents/DS2_Final_Project/CMakeFiles/CMakeTmp'
Building C object CMakeFiles/cmTC_56109.dir/CheckIncludeFile.c.o
/usr/bin/cc -D_FILE_OFFSET_BITS=64 -D_LARGEFILE_SOURCE -D_LARGE_FILES -D__STDC_CONSTANT_MACROS -D__STDC_FORMAT_MACROS -D__STDC_LIMIT_MACROS  -fPIE -o CMakeFiles/cmTC_56109.dir/CheckIncludeFile.c.o -c /home/particle/Documents/DS2_Final_Project/CMakeFiles/CMakeTmp/CheckIncludeFile.c
Linking C executable cmTC_56109
/usr/bin/cmake -E cmake_link_script CMakeFiles/cmTC_56109.dir/link.txt --verbose=1
/usr/bin/cc -rdynamic CMakeFiles/cmTC_56109.dir/CheckIncludeFile.c.o -o cmTC_56109 
gmake[1]: Leaving directory '/home/particle/Documents/DS2_Final_Project/CMakeFiles/CMakeTmp'



Determining if the include file stddef.h exists passed with the following output:
Change Dir: /home/particle/Documents/DS2_Final_Project/CMakeFiles/CMakeTmp

Run Build Command(s):/usr/bin/gmake -f Makefile cmTC_69edc/fast && /usr/bin/gmake  -f CMakeFiles/cmTC_69edc.dir/build.make CMakeFiles/cmTC_69edc.dir/build
gmake[1]: Entering directory '/home/particle/Documents/DS2_Final_Project/CMakeFiles/CMakeTmp'
Building C object CMakeFiles/cmTC_69edc.dir/CheckIncludeFile.c.o
/usr/bin/cc -D_FILE_OFFSET_BITS=64 -D_LARGEFILE_SOURCE -D_LARGE_FILES -D__STDC_CONSTANT_MACROS -D__STDC_FORMAT_MACROS -D__STDC_LIMIT_MACROS  -fPIE -o CMakeFiles/cmTC_69edc.dir/CheckIncludeFile.c.o -c /home/particle/Documents/DS2_Final_Project/CMakeFiles/CMakeTmp/CheckIncludeFile.c
Linking C executable cmTC_69edc
/usr/bin/cmake -E cmake_link_script CMakeFiles/cmTC_69edc.dir/link.txt --verbose=1
/usr/bin/cc -rdynamic CMakeFiles/cmTC_69edc.dir/CheckIncludeFile.c.o -o cmTC_69edc 
gmake[1]: Leaving directory '/home/particle/Documents/DS2_Final_Project/CMakeFiles/CMakeTmp'



Determining if the include file stdint.h exists passed with the following output:
Change Dir: /home/particle/Documents/DS2_Final_Project/CMakeFiles/CMakeTmp

Run Build Command(s):/usr/bin/gmake -f Makefile cmTC_b6def/fast && /usr/bin/gmake  -f CMakeFiles/cmTC_b6def.dir/build.make CMakeFiles/cmTC_b6def.dir/build
gmake[1]: Entering directory '/home/particle/Documents/DS2_Final_Project/CMakeFiles/CMakeTmp'
Building C object CMakeFiles/cmTC_b6def.dir/CheckIncludeFile.c.o
/usr/bin/cc -D_FILE_OFFSET_BITS=64 -D_LARGEFILE_SOURCE -D_LARGE_FILES -D__STDC_CONSTANT_MACROS -D__STDC_FORMAT_MACROS -D__STDC_LIMIT_MACROS  -fPIE -o CMakeFiles/cmTC_b6def.dir/CheckIncludeFile.c.o -c /home/particle/Documents/DS2_Final_Project/CMakeFiles/CMakeTmp/CheckIncludeFile.c
Linking C executable cmTC_b6def
/usr/bin/cmake -E cmake_link_script CMakeFiles/cmTC_b6def.dir/link.txt --verbose=1
/usr/bin/cc -rdynamic CMakeFiles/cmTC_b6def.dir/CheckIncludeFile.c.o -o cmTC_b6def 
gmake[1]: Leaving directory '/home/particle/Documents/DS2_Final_Project/CMakeFiles/CMakeTmp'



Determining size of off_t passed with the following output:
Change Dir: /home/particle/Documents/DS2_Final_Project/CMakeFiles/CMakeTmp

Run Build Command(s):/usr/bin/gmake -f Makefile cmTC_a0ae4/fast && /usr/bin/gmake  -f CMakeFiles/cmTC_a0ae4.dir/build.make CMakeFiles/cmTC_a0ae4.dir/build
gmake[1]: Entering directory '/home/particle/Documents/DS2_Final_Project/CMakeFiles/CMakeTmp'
Building C object CMakeFiles/cmTC_a0ae4.dir/SIZEOF_OFF_T.c.o
/usr/bin/cc -D_FILE_OFFSET_BITS=64 -D_LARGEFILE_SOURCE -D_LARGE_FILES -D__STDC_CONSTANT_MACROS -D__STDC_FORMAT_MACROS -D__STDC_LIMIT_MACROS  -fPIE -o CMakeFiles/cmTC_a0ae4.dir/SIZEOF_OFF_T.c.o -c /home/particle/Documents/DS2_Final_Project/CMakeFiles/CheckTypeSize/SIZEOF_OFF_T.c
Linking C executable cmTC_a0ae4
/usr/bin/cmake -E cmake_link_script CMakeFiles/cmTC_a0ae4.dir/link.txt --verbose=1
/usr/bin/cc -rdynamic CMakeFiles/cmTC_a0ae4.dir/SIZEOF_OFF_T.c.o -o cmTC_a0ae4 
gmake[1]: Leaving directory '/home/particle/Documents/DS2_Final_Project/CMakeFiles/CMakeTmp'



Determining if the fseeko exist passed with the following output:
Change Dir: /home/particle/Documents/DS2_Final_Project/CMakeFiles/CMakeTmp

Run Build Command(s):/usr/bin/gmake -f Makefile cmTC_194a3/fast && /usr/bin/gmake  -f CMakeFiles/cmTC_194a3.dir/build.make CMakeFiles/cmTC_194a3.dir/build
gmake[1]: Entering directory '/home/particle/Documents/DS2_Final_Project/CMakeFiles/CMakeTmp'
Building C object CMakeFiles/cmTC_194a3.dir/CheckSymbolExists.c.o
/usr/bin/cc -D_FILE_OFFSET_BITS=64 -D_LARGEFILE_SOURCE -D_LARGE_FILES -D__STDC_CONSTANT_MACROS -D__STDC_FORMAT_MACROS -D__STDC_LIMIT_MACROS  -fPIE -o CMakeFiles/cmTC_194a3.dir/CheckSymbolExists.c.o -c /home/particle/Documents/DS2_Final_Project/CMakeFiles/CMakeTmp/CheckSymbolExists.c
Linking C executable cmTC_194a3
/usr/bin/cmake -E cmake_link_script CMakeFiles/cmTC_194a3.dir/link.txt --verbose=1
/usr/bin/cc -rdynamic CMakeFiles/cmTC_194a3.dir/CheckSymbolExists.c.o -o cmTC_194a3 
gmake[1]: Leaving directory '/home/particle/Documents/DS2_Final_Project/CMakeFiles/CMakeTmp'


File /home/particle/Documents/DS2_Final_Project/CMakeFiles/CMakeTmp/CheckSymbolExists.c:
/* */
#include <stdio.h>

int main(int argc, char** argv)
{
  (void)argv;
#ifndef fseeko
  return ((int*)(&fseeko))[argc];
#else
  (void)argc;
  return 0;
#endif
}
Determining if the ftello exist passed with the following output:
Change Dir: /home/particle/Documents/DS2_Final_Project/CMakeFiles/CMakeTmp

Run Build Command(s):/usr/bin/gmake -f Makefile cmTC_c75c4/fast && /usr/bin/gmake  -f CMakeFiles/cmTC_c75c4.dir/build.make CMakeFiles/cmTC_c75c4.dir/build
gmake[1]: Entering directory '/home/particle/Documents/DS2_Final_Project/CMakeFiles/CMakeTmp'
Building C object CMakeFiles/cmTC_c75c4.dir/CheckSymbolExists.c.o
/usr/bin/cc -D_FILE_OFFSET_BITS=64 -D_LARGEFILE_SOURCE -D_LARGE_FILES -D__STDC_CONSTANT_MACROS -D__STDC_FORMAT_MACROS -D__STDC_LIMIT_MACROS  -fPIE -o CMakeFiles/cmTC_c75c4.dir/CheckSymbolExists.c.o -c /home/particle/Documents/DS2_Final_Project/CMakeFiles/CMakeTmp/CheckSymbolExists.c
Linking C executable cmTC_c75c4
/usr/bin/cmake -E cmake_link_script CMakeFiles/cmTC_c75c4.dir/link.txt --verbose=1
/usr/bin/cc -rdynamic CMakeFiles/cmTC_c75c4.dir/CheckSymbolExists.c.o -o cmTC_c75c4 
gmake[1]: Leaving directory '/home/particle/Documents/DS2_Final_Project/CMakeFiles/CMakeTmp'


File /home/particle/Documents/DS2_Final_Project/CMakeFiles/CMakeTmp/CheckSymbolExists.c:
/* */
#include <stdio.h>

int main(int argc, char** argv)
{
  (void)argv;
#ifndef ftello
  return ((int*)(&ftello))[argc];
#else
  (void)argc;
  return 0;
#endif
}
Determining if the PRIdMAX exist passed with the following output:
Change Dir: /home/particle/Documents/DS2_Final_Project/CMakeFiles/CMakeTmp

Run Build Command(s):/usr/bin/gmake -f Makefile cmTC_bc142/fast && /usr/bin/gmake  -f CMakeFiles/cmTC_bc142.dir/build.make CMakeFiles/cmTC_bc142.dir/build
gmake[1]: Entering directory '/home/particle/Documents/DS2_Final_Project/CMakeFiles/CMakeTmp'
Building C object CMakeFiles/cmTC_bc142.dir/CheckSymbolExists.c.o
/usr/bin/cc -D_FILE_OFFSET_BITS=64 -D_LARGEFILE_SOURCE -D_LARGE_FILES -D__STDC_CONSTANT_MACROS -D__STDC_FORMAT_MACROS -D__STDC_LIMIT_MACROS  -fPIE -o CMakeFiles/cmTC_bc142.dir/CheckSymbolExists.c.o -c /home/particle/Documents/DS2_Final_Project/CMakeFiles/CMakeTmp/CheckSymbolExists.c
Linking C executable cmTC_bc142
/usr/bin/cmake -E cmake_link_script CMakeFiles/cmTC_bc142.dir/link.txt --verbose=1
/usr/bin/cc -rdynamic CMakeFiles/cmTC_bc142.dir/CheckSymbolExists.c.o -o cmTC_bc142 
gmake[1]: Leaving directory '/home/particle/Documents/DS2_Final_Project/CMakeFiles/CMakeTmp'


File /home/particle/Documents/DS2_Final_Project/CMakeFiles/CMakeTmp/CheckSymbolExists.c:
/* */
#include <inttypes.h>

int main(int argc, char** argv)
{
  (void)argv;
#ifndef PRIdMAX
  return ((int*)(&PRIdMAX))[argc];
#else
  (void)argc;
  return 0;
#endif
}
Determining if the include file pthread.h exists passed with the following output:
Change Dir: /home/particle/Documents/DS2_Final_Project/CMakeFiles/CMakeTmp

Run Build Command(s):/usr/bin/gmake -f Makefile cmTC_ac69a/fast && /usr/bin/gmake  -f CMakeFiles/cmTC_ac69a.dir/build.make CMakeFiles/cmTC_ac69a.dir/build
gmake[1]: Entering directory '/home/particle/Documents/DS2_Final_Project/CMakeFiles/CMakeTmp'
Building C object CMakeFiles/cmTC_ac69a.dir/CheckIncludeFile.c.o
/usr/bin/cc   -fPIE -o CMakeFiles/cmTC_ac69a.dir/CheckIncludeFile.c.o -c /home/particle/Documents/DS2_Final_Project/CMakeFiles/CMakeTmp/CheckIncludeFile.c
Linking C executable cmTC_ac69a
/usr/bin/cmake -E cmake_link_script CMakeFiles/cmTC_ac69a.dir/link.txt --verbose=1
/usr/bin/cc -rdynamic CMakeFiles/cmTC_ac69a.dir/CheckIncludeFile.c.o -o cmTC_ac69a 
gmake[1]: Leaving directory '/home/particle/Documents/DS2_Final_Project/CMakeFiles/CMakeTmp'



Performing C SOURCE FILE Test CMAKE_HAVE_LIBC_PTHREAD succeeded with the following output:
Change Dir: /home/particle/Documents/DS2_Final_Project/CMakeFiles/CMakeTmp

Run Build Command(s):/usr/bin/gmake -f Makefile cmTC_c0bb1/fast && /usr/bin/gmake  -f CMakeFiles/cmTC_c0bb1.dir/build.make CMakeFiles/cmTC_c0bb1.dir/build
gmake[1]: Entering directory '/home/particle/Documents/DS2_Final_Project/CMakeFiles/CMakeTmp'
Building C object CMakeFiles/cmTC_c0bb1.dir/src.c.o
/usr/bin/cc -DCMAKE_HAVE_LIBC_PTHREAD  -fPIE -std=c11 -o CMakeFiles/cmTC_c0bb1.dir/src.c.o -c /home/particle/Documents/DS2_Final_Project/CMakeFiles/CMakeTmp/src.c
Linking C executable cmTC_c0bb1
/usr/bin/cmake -E cmake_link_script CMakeFiles/cmTC_c0bb1.dir/link.txt --verbose=1
/usr/bin/cc CMakeFiles/cmTC_c0bb1.dir/src.c.o -o cmTC_c0bb1 
gmake[1]: Leaving directory '/home/particle/Documents/DS2_Final_Project/CMakeFiles/CMakeTmp'


Source file was:
#include <pthread.h>

static void* test_func(void* data)
{
  return data;
}

int main(void)
{
  pthread_t thread;
  pthread_create(&thread, NULL, test_func, NULL);
  pthread_detach(thread);
  pthread_cancel(thread);
  pthread_join(thread, NULL);
  pthread_atfork(NULL, NULL, NULL);
  pthread_exit(NULL);

  return 0;
}

Performing C++ SOURCE FILE Test COMPILER_SUPPORTS_VISIBILITY succeeded with the following output:
Change Dir: /home/particle/Documents/DS2_Final_Project/CMakeFiles/CMakeTmp

Run Build Command(s):/usr/bin/gmake -f Makefile cmTC_51e09/fast && /usr/bin/gmake  -f CMakeFiles/cmTC_51e09.dir/build.make CMakeFiles/cmTC_51e09.dir/build
gmake[1]: Entering directory '/home/particle/Documents/DS2_Final_Project/CMakeFiles/CMakeTmp'
Building CXX object CMakeFiles/cmTC_51e09.dir/src.cxx.o
/usr/bin/c++ -DCOMPILER_SUPPORTS_VISIBILITY  -fPIE   -fvisibility=hidden -std=c++17 -o CMakeFiles/cmTC_51e09.dir/src.cxx.o -c /home/particle/Documents/DS2_Final_Project/CMakeFiles/CMakeTmp/src.cxx
Linking CXX executable cmTC_51e09
/usr/bin/cmake -E cmake_link_script CMakeFiles/cmTC_51e09.dir/link.txt --verbose=1
/usr/bin/c++ CMakeFiles/cmTC_51e09.dir/src.cxx.o -o cmTC_51e09 
gmake[1]: Leaving directory '/home/particle/Documents/DS2_Final_Project/CMakeFiles/CMakeTmp'


Source file was:
int main() { return 0; }
Performing C++ SOURCE FILE Test ABSL_INTERNAL_AT_LEAST_CXX17 succeeded with the following output:
Change Dir: /home/particle/Documents/DS2_Final_Project/CMakeFiles/CMakeTmp

Run Build Command(s):/usr/bin/gmake -f Makefile cmTC_bbd9c/fast && /usr/bin/gmake  -f CMakeFiles/cmTC_bbd9c.dir/build.make CMakeFiles/cmTC_bbd9c.dir/build
gmake[1]: Entering directory '/home/particle/Documents/DS2_Final_Project/CMakeFiles/CMakeTmp'
Building CXX object CMakeFiles/cmTC_bbd9c.dir/src.cxx.o
/usr/bin/c++ -DABSL_INTERNAL_AT_LEAST_CXX17  -fPIE -std=c++17 -o CMakeFiles/cmTC_bbd9c.dir/src.cxx.o -c /home/particle/Documents/DS2_Final_Project/CMakeFiles/CMakeTmp/src.cxx
Linking CXX executable cmTC_bbd9c
/usr/bin/cmake -E cmake_link_script CMakeFiles/cmTC_bbd9c.dir/link.txt --verbose=1
/usr/bin/c++ CMakeFiles/cmTC_bbd9c.dir/src.cxx.o -o cmTC_bbd9c 
gmake[1]: Leaving directory '/home/particle/Documents/DS2_Final_Project/CMakeFiles/CMakeTmp'


Source file was:
#ifdef _MSC_VER
#  if _MSVC_LANG < 201703L
#    error "The compiler defaults or is configured for C++ < 17"
#  endif
#elif __cplusplus < 201703L
#  error "The compiler defaults or is configured for C++ < 17"
#endif
int main() { return 0; }

Determining if the function shm_open exists in the rt passed with the following output:
Change Dir: /home/particle/Documents/DS2_Final_Project/CMakeFiles/CMakeTmp

Run Build Command(s):/usr/bin/gmake -f Makefile cmTC_56cf8/fast && /usr/bin/gmake  -f CMakeFiles/cmTC_56cf8.dir/build.make CMakeFiles/cmTC_56cf8.dir/build
gmake[1]: Entering directory '/home/particle/Documents/DS2_Final_Project/CMakeFiles/CMakeTmp'
Building C object CMakeFiles/cmTC_56cf8.dir/CheckFunctionExists.c.o
/usr/bin/cc   -DCHECK_FUNCTION_EXISTS=shm_open -fPIE -std=c11 -o CMakeFiles/cmTC_56cf8.dir/CheckFunctionExists.c.o -c /usr/share/cmake-3.22/Modules/CheckFunctionExists.c
Linking C executable cmTC_56cf8
/usr/bin/cmake -E cmake_link_script CMakeFiles/cmTC_56cf8.dir/link.txt --verbose=1
/usr/bin/cc  -DCHECK_FUNCTION_EXISTS=shm_open CMakeFiles/cmTC_56cf8.dir/CheckFunctionExists.c.o -o cmTC_56cf8  -lrt 
gmake[1]: Leaving directory '/home/particle/Documents/DS2_Final_Project/CMakeFiles/CMakeTmp'



Performing C++ SOURCE FILE Test HAVE_CXX_FLAG_WALL succeeded with the following output:
Change Dir: /home/particle/Documents/DS2_Final_Project/CMakeFiles/CMakeTmp

Run Build Command(s):/usr/bin/gmake -f Makefile cmTC_f6fd6/fast && /usr/bin/gmake  -f CMakeFiles/cmTC_f6fd6.dir/build.make CMakeFiles/cmTC_f6fd6.dir/build
gmake[1]: Entering directory '/home/particle/Documents/DS2_Final_Project/CMakeFiles/CMakeTmp'
Building CXX object CMakeFiles/cmTC_f6fd6.dir/src.cxx.o
/usr/bin/c++ -DHAVE_CXX_FLAG_WALL  -Wall -fPIE   -Wall -std=c++14 -o CMakeFiles/cmTC_f6fd6.dir/src.cxx.o -c /home/particle/Documents/DS2_Final_Project/CMakeFiles/CMakeTmp/src.cxx
Linking CXX executable cmTC_f6fd6
/usr/bin/cmake -E cmake_link_script CMakeFiles/cmTC_f6fd6.dir/link.txt --verbose=1
/usr/bin/c++   -Wall CMakeFiles/cmTC_f6fd6.dir/src.cxx.o -o cmTC_f6fd6 
gmake[1]: Leaving directory '/home/particle/Documents/DS2_Final_Project/CMakeFiles/CMakeTmp'


Source file was:
int main() { return 0; }
Performing C++ SOURCE FILE Test HAVE_CXX_FLAG_WEXTRA succeeded with the following output:
Change Dir: /home/particle/Documents/DS2_Final_Project/CMakeFiles/CMakeTmp

Run Build Command(s):/usr/bin/gmake -f Makefile cmTC_f258b/fast && /usr/bin/gmake  -f CMakeFiles/cmTC_f258b.dir/build.make CMakeFiles/cmTC_f258b.dir/build
gmake[1]: Entering directory '/home/particle/Documents/DS2_Final_Project/CMakeFiles/CMakeTmp'
Building CXX object CMakeFiles/cmTC_f258b.dir/src.cxx.o
/usr/bin/c++ -DHAVE_CXX_FLAG_WEXTRA  -Wall  -Wextra -fPIE   -Wextra -std=c++14 -o CMakeFiles/cmTC_f258b.dir/src.cxx.o -c /home/particle/Documents/DS2_Final_Project/CMakeFiles/CMakeTmp/src.cxx
Linking CXX executable cmTC_f258b
/usr/bin/cmake -E cmake_link_script CMakeFiles/cmTC_f258b.dir/link.txt --verbose=1
/usr/bin/c++   -Wall  -Wextra CMakeFiles/cmTC_f258b.dir/src.cxx.o -o cmTC_f258b 
gmake[1]: Leaving directory '/home/particle/Documents/DS2_Final_Project/CMakeFiles/CMakeTmp'


Source file was:
int main() { return 0; }
Performing C++ SOURCE FILE Test HAVE_CXX_FLAG_WSHADOW succeeded with the following output:
Change Dir: /home/particle/Documents/DS2_Final_Project/CMakeFiles/CMakeTmp

Run Build Command(s):/usr/bin/gmake -f Makefile cmTC_0d668/fast && /usr/bin/gmake  -f CMakeFiles/cmTC_0d668.dir/build.make CMakeFiles/cmTC_0d668.dir/build
gmake[1]: Entering directory '/home/particle/Documents/DS2_Final_Project/CMakeFiles/CMakeTmp'
Building CXX object CMakeFiles/cmTC_0d668.dir/src.cxx.o
/usr/bin/c++ -DHAVE_CXX_FLAG_WSHADOW  -Wall  -Wextra  -Wshadow -fPIE   -Wshadow -std=c++14 -o CMakeFiles/cmTC_0d668.dir/src.cxx.o -c /home/particle/Documents/DS2_Final_Project/CMakeFiles/CMakeTmp/src.cxx
Linking CXX executable cmTC_0d668
/usr/bin/cmake -E cmake_link_script CMakeFiles/cmTC_0d668.dir/link.txt --verbose=1
/usr/bin/c++   -Wall  -Wextra  -Wshadow CMakeFiles/cmTC_0d668.dir/src.cxx.o -o cmTC_0d668 
gmake[1]: Leaving directory '/home/particle/Documents/DS2_Final_Project/CMakeFiles/CMakeTmp'


Source file was:
int main() { return 0; }
Performing C++ SOURCE FILE Test HAVE_CXX_FLAG_WFLOAT_EQUAL succeeded with the following output:
Change Dir: /home/particle/Documents/DS2_Final_Project/CMakeFiles/CMakeTmp

Run Build Command(s):/usr/bin/gmake -f Makefile cmTC_e8478/fast && /usr/bin/gmake  -f CMakeFiles/cmTC_e8478.dir/build.make CMakeFiles/cmTC_e8478.dir/build
gmake[1]: Entering directory '/home/particle/Documents/DS2_Final_Project/CMakeFiles/CMakeTmp'
Building CXX object CMakeFiles/cmTC_e8478.dir/src.cxx.o
/usr/bin/c++ -DHAVE_CXX_FLAG_WFLOAT_EQUAL  -Wall  -Wextra  -Wshadow  -Wfloat-equal -fPIE   -Wfloat-equal -std=c++14 -o CMakeFiles/cmTC_e8478.dir/src.cxx.o -c /home/particle/Documents/DS2_Final_Project/CMakeFiles/CMakeTmp/src.cxx
Linking CXX executable cmTC_e8478
/usr/bin/cmake -E cmake_link_script CMakeFiles/cmTC_e8478.dir/link.txt --verbose=1
/usr/bin/c++   -Wall  -Wextra  -Wshadow  -Wfloat-equal CMakeFiles/cmTC_e8478.dir/src.cxx.o -o cmTC_e8478 
gmake[1]: Leaving directory '/home/particle/Documents/DS2_Final_Project/CMakeFiles/CMakeTmp'


Source file was:
int main() { return 0; }
Performing C++ SOURCE FILE Test HAVE_CXX_FLAG_WOLD_STYLE_CAST succeeded with the following output:
Change Dir: /home/particle/Documents/DS2_Final_Project/CMakeFiles/CMakeTmp

Run Build Command(s):/usr/bin/gmake -f Makefile cmTC_bb393/fast && /usr/bin/gmake  -f CMakeFiles/cmTC_bb393.dir/build.make CMakeFiles/cmTC_bb393.dir/build
gmake[1]: Entering directory '/home/particle/Documents/DS2_Final_Project/CMakeFiles/CMakeTmp'
Building CXX object CMakeFiles/cmTC_bb393.dir/src.cxx.o
/usr/bin/c++ -DHAVE_CXX_FLAG_WOLD_STYLE_CAST  -Wall  -Wextra  -Wshadow  -Wfloat-equal  -Wold-style-cast -fPIE   -Wold-style-cast -std=c++14 -o CMakeFiles/cmTC_bb393.dir/src.cxx.o -c /home/particle/Documents/DS2_Final_Project/CMakeFiles/CMakeTmp/src.cxx
Linking CXX executable cmTC_bb393
/usr/bin/cmake -E cmake_link_script CMakeFiles/cmTC_bb393.dir/link.txt --verbose=1
/usr/bin/c++   -Wall  -Wextra  -Wshadow  -Wfloat-equal  -Wold-style-cast CMakeFiles/cmTC_bb393.dir/src.cxx.o -o cmTC_bb393 
gmake[1]: Leaving directory '/home/particle/Documents/DS2_Final_Project/CMakeFiles/CMakeTmp'


Source file was:
int main() { return 0; }
Performing C++ SOURCE FILE Test HAVE_CXX_FLAG_WCONVERSION succeeded with the following output:
Change Dir: /home/particle/Documents/DS2_Final_Project/CMakeFiles/CMakeTmp

Run Build Command(s):/usr/bin/gmake -f Makefile cmTC_41b62/fast && /usr/bin/gmake  -f CMakeFiles/cmTC_41b62.dir/build.make CMakeFiles/cmTC_41b62.dir/build
gmake[1]: Entering directory '/home/particle/Documents/DS2_Final_Project/CMakeFiles/CMakeTmp'
Building CXX object CMakeFiles/cmTC_41b62.dir/src.cxx.o
/usr/bin/c++ -DHAVE_CXX_FLAG_WCONVERSION  -Wall  -Wextra  -Wshadow  -Wfloat-equal  -Wold-style-cast  -Wconversion -fPIE   -Wconversion -std=c++14 -o CMakeFiles/cmTC_41b62.dir/src.cxx.o -c /home/particle/Documents/DS2_Final_Project/CMakeFiles/CMakeTmp/src.cxx
Linking CXX executable cmTC_41b62
/usr/bin/cmake -E cmake_link_script CMakeFiles/cmTC_41b62.dir/link.txt --verbose=1
/usr/bin/c++   -Wall  -Wextra  -Wshadow  -Wfloat-equal  -Wold-style-cast  -Wconversion CMakeFiles/cmTC_41b62.dir/src.cxx.o -o cmTC_41b62 
gmake[1]: Leaving directory '/home/particle/Documents/DS2_Final_Project/CMakeFiles/CMakeTmp'


Source file was:
int main() { return 0; }
Performing C++ SOURCE FILE Test HAVE_CXX_FLAG_WERROR succeeded with the following output:
Change Dir: /home/particle/Documents/DS2_Final_Project/CMakeFiles/CMakeTmp

Run Build Command(s):/usr/bin/gmake -f Makefile cmTC_77a22/fast && /usr/bin/gmake  -f CMakeFiles/cmTC_77a22.dir/build.make CMakeFiles/cmTC_77a22.dir/build
gmake[1]: Entering directory '/home/particle/Documents/DS2_Final_Project/CMakeFiles/CMakeTmp'
Building CXX object CMakeFiles/cmTC_77a22.dir/src.cxx.o
/usr/bin/c++ -DHAVE_CXX_FLAG_WERROR  -Wall  -Wextra  -Wshadow  -Wfloat-equal  -Wold-style-cast  -Wconversion  -Werror -fPIE   -Werror -std=c++14 -o CMakeFiles/cmTC_77a22.dir/src.cxx.o -c /home/particle/Documents/DS2_Final_Project/CMakeFiles/CMakeTmp/src.cxx
Linking CXX executable cmTC_77a22
/usr/bin/cmake -E cmake_link_script CMakeFiles/cmTC_77a22.dir/link.txt --verbose=1
/usr/bin/c++   -Wall  -Wextra  -Wshadow  -Wfloat-equal  -Wold-style-cast  -Wconversion  -Werror CMakeFiles/cmTC_77a22.dir/src.cxx.o -o cmTC_77a22 
gmake[1]: Leaving directory '/home/particle/Documents/DS2_Final_Project/CMakeFiles/CMakeTmp'


Source file was:
int main() { return 0; }
Performing C++ SOURCE FILE Test HAVE_CXX_FLAG_WSUGGEST_OVERRIDE succeeded with the following output:
Change Dir: /home/particle/Documents/DS2_Final_Project/CMakeFiles/CMakeTmp

Run Build Command(s):/usr/bin/gmake -f Makefile cmTC_c2ac6/fast && /usr/bin/gmake  -f CMakeFiles/cmTC_c2ac6.dir/build.make CMakeFiles/cmTC_c2ac6.dir/build
gmake[1]: Entering directory '/home/particle/Documents/DS2_Final_Project/CMakeFiles/CMakeTmp'
Building CXX object CMakeFiles/cmTC_c2ac6.dir/src.cxx.o
/usr/bin/c++ -DHAVE_CXX_FLAG_WSUGGEST_OVERRIDE  -Wall  -Wextra  -Wshadow  -Wfloat-equal  -Wold-style-cast  -Wconversion  -Werror  -Wsuggest-override -fPIE   -Wsuggest-override -std=c++14 -o CMakeFiles/cmTC_c2ac6.dir/src.cxx.o -c /home/particle/Documents/DS2_Final_Project/CMakeFiles/CMakeTmp/src.cxx
Linking CXX executable cmTC_c2ac6
/usr/bin/cmake -E cmake_link_script CMakeFiles/cmTC_c2ac6.dir/link.txt --verbose=1
/usr/bin/c++   -Wall  -Wextra  -Wshadow  -Wfloat-equal  -Wold-style-cast  -Wconversion  -Werror  -Wsuggest-override CMakeFiles/cmTC_c2ac6.dir/src.cxx.o -o cmTC_c2ac6 
gmake[1]: Leaving directory '/home/particle/Documents/DS2_Final_Project/CMakeFiles/CMakeTmp'


Source file was:
int main() { return 0; }
Performing C++ SOURCE FILE Test HAVE_CXX_FLAG_PEDANTIC succeeded with the following output:
Change Dir: /home/particle/Documents/DS2_Final_Project/CMakeFiles/CMakeTmp

Run Build Command(s):/usr/bin/gmake -f Makefile cmTC_d1a97/fast && /usr/bin/gmake  -f CMakeFiles/cmTC_d1a97.dir/build.make CMakeFiles/cmTC_d1a97.dir/build
gmake[1]: Entering directory '/home/particle/Documents/DS2_Final_Project/CMakeFiles/CMakeTmp'
Building CXX object CMakeFiles/cmTC_d1a97.dir/src.cxx.o
/usr/bin/c++ -DHAVE_CXX_FLAG_PEDANTIC  -Wall  -Wextra  -Wshadow  -Wfloat-equal  -Wold-style-cast  -Wconversion  -Werror  -Wsuggest-override  -pedantic -fPIE   -pedantic -std=c++14 -o CMakeFiles/cmTC_d1a97.dir/src.cxx.o -c /home/particle/Documents/DS2_Final_Project/CMakeFiles/CMakeTmp/src.cxx
Linking CXX executable cmTC_d1a97
/usr/bin/cmake -E cmake_link_script CMakeFiles/cmTC_d1a97.dir/link.txt --verbose=1
/usr/bin/c++   -Wall  -Wextra  -Wshadow  -Wfloat-equal  -Wold-style-cast  -Wconversion  -Werror  -Wsuggest-override  -pedantic CMakeFiles/cmTC_d1a97.dir/src.cxx.o -o cmTC_d1a97 
gmake[1]: Leaving directory '/home/particle/Documents/DS2_Final_Project/CMakeFiles/CMakeTmp'


Source file was:
int main() { return 0; }
Performing C++ SOURCE FILE Test HAVE_CXX_FLAG_PEDANTIC_ERRORS succeeded with the following output:
Change Dir: /home/particle/Documents/DS2_Final_Project/CMakeFiles/CMakeTmp

Run Build Command(s):/usr/bin/gmake -f Makefile cmTC_de6e0/fast && /usr/bin/gmake  -f CMakeFiles/cmTC_de6e0.dir/build.make CMakeFiles/cmTC_de6e0.dir/build
gmake[1]: Entering directory '/home/particle/Documents/DS2_Final_Project/CMakeFiles/CMakeTmp'
Building CXX object CMakeFiles/cmTC_de6e0.dir/src.cxx.o
/usr/bin/c++ -DHAVE_CXX_FLAG_PEDANTIC_ERRORS  -Wall  -Wextra  -Wshadow  -Wfloat-equal  -Wold-style-cast  -Wconversion  -Werror  -Wsuggest-override  -pedantic  -pedantic-errors -fPIE   -pedantic-errors -std=c++14 -o CMakeFiles/cmTC_de6e0.dir/src.cxx.o -c /home/particle/Documents/DS2_Final_Project/CMakeFiles/CMakeTmp/src.cxx
Linking CXX executable cmTC_de6e0
/usr/bin/cmake -E cmake_link_script CMakeFiles/cmTC_de6e0.dir/link.txt --verbose=1
/usr/bin/c++   -Wall  -Wextra  -Wshadow  -Wfloat-equal  -Wold-style-cast  -Wconversion  -Werror  -Wsuggest-override  -pedantic  -pedantic-errors CMakeFiles/cmTC_de6e0.dir/src.cxx.o -o cmTC_de6e0 
gmake[1]: Leaving directory '/home/particle/Documents/DS2_Final_Project/CMakeFiles/CMakeTmp'


Source file was:
int main() { return 0; }
Performing C++ SOURCE FILE Test HAVE_CXX_FLAG_FSTRICT_ALIASING succeeded with the following output:
Change Dir: /home/particle/Documents/DS2_Final_Project/CMakeFiles/CMakeTmp

Run Build Command(s):/usr/bin/gmake -f Makefile cmTC_0d508/fast && /usr/bin/gmake  -f CMakeFiles/cmTC_0d508.dir/build.make CMakeFiles/cmTC_0d508.dir/build
gmake[1]: Entering directory '/home/particle/Documents/DS2_Final_Project/CMakeFiles/CMakeTmp'
Building CXX object CMakeFiles/cmTC_0d508.dir/src.cxx.o
/usr/bin/c++ -DHAVE_CXX_FLAG_FSTRICT_ALIASING  -Wall  -Wextra  -Wshadow  -Wfloat-equal  -Wold-style-cast  -Wconversion  -Werror  -Wsuggest-override  -pedantic  -pedantic-errors  -fstrict-aliasing -fPIE   -fstrict-aliasing -std=c++14 -o CMakeFiles/cmTC_0d508.dir/src.cxx.o -c /home/particle/Documents/DS2_Final_Project/CMakeFiles/CMakeTmp/src.cxx
Linking CXX executable cmTC_0d508
/usr/bin/cmake -E cmake_link_script CMakeFiles/cmTC_0d508.dir/link.txt --verbose=1
/usr/bin/c++   -Wall  -Wextra  -Wshadow  -Wfloat-equal  -Wold-style-cast  -Wconversion  -Werror  -Wsuggest-override  -pedantic  -pedantic-errors  -fstrict-aliasing CMakeFiles/cmTC_0d508.dir/src.cxx.o -o cmTC_0d508 
gmake[1]: Leaving directory '/home/particle/Documents/DS2_Final_Project/CMakeFiles/CMakeTmp'


Source file was:
int main() { return 0; }
Performing C++ SOURCE FILE Test HAVE_CXX_FLAG_WNO_DEPRECATED_DECLARATIONS succeeded with the following output:
Change Dir: /home/particle/Documents/DS2_Final_Project/CMakeFiles/CMakeTmp

Run Build Command(s):/usr/bin/gmake -f Makefile cmTC_40716/fast && /usr/bin/gmake  -f CMakeFiles/cmTC_40716.dir/build.make CMakeFiles/cmTC_40716.dir/build
gmake[1]: Entering directory '/home/particle/Documents/DS2_Final_Project/CMakeFiles/CMakeTmp'
Building CXX object CMakeFiles/cmTC_40716.dir/src.cxx.o
/usr/bin/c++ -DHAVE_CXX_FLAG_WNO_DEPRECATED_DECLARATIONS  -Wall  -Wextra  -Wshadow  -Wfloat-equal  -Wold-style-cast  -Wconversion  -Werror  -Wsuggest-override  -pedantic  -pedantic-errors  -fstrict-aliasing  -Wno-deprecated-declarations -fPIE   -Wno-deprecated-declarations -std=c++14 -o CMakeFiles/cmTC_40716.dir/src.cxx.o -c /home/particle/Documents/DS2_Final_Project/CMakeFiles/CMakeTmp/src.cxx
Linking CXX executable cmTC_40716
/usr/bin/cmake -E cmake_link_script CMakeFiles/cmTC_40716.dir/link.txt --verbose=1
/usr/bin/c++   -Wall  -Wextra  -Wshadow  -Wfloat-equal  -Wold-style-cast  -Wconversion  -Werror  -Wsuggest-override  -pedantic  -pedantic-errors  -fstrict-aliasing  -Wno-deprecated-declarations CMakeFiles/cmTC_40716.dir/src.cxx.o -o cmTC_40716 
gmake[1]: Leaving directory '/home/particle/Documents/DS2_Final_Project/CMakeFiles/CMakeTmp'


Source file was:
int main() { return 0; }
Performing C++ SOURCE FILE Test HAVE_CXX_FLAG_WNO_DEPRECATED succeeded with the following output:
Change Dir: /home/particle/Documents/DS2_Final_Project/CMakeFiles/CMakeTmp

Run Build Command(s):/usr/bin/gmake -f Makefile cmTC_4b1c9/fast && /usr/bin/gmake  -f CMakeFiles/cmTC_4b1c9.dir/build.make CMakeFiles/cmTC_4b1c9.dir/build
gmake[1]: Entering directory '/home/particle/Documents/DS2_Final_Project/CMakeFiles/CMakeTmp'
Building CXX object CMakeFiles/cmTC_4b1c9.dir/src.cxx.o
/usr/bin/c++ -DHAVE_CXX_FLAG_WNO_DEPRECATED  -Wall  -Wextra  -Wshadow  -Wfloat-equal  -Wold-style-cast  -Wconversion  -Werror  -Wsuggest-override  -pedantic  -pedantic-errors  -fstrict-aliasing  -Wno-deprecated-declarations  -Wno-deprecated -fPIE   -Wno-deprecated -std=c++14 -o CMakeFiles/cmTC_4b1c9.dir/src.cxx.o -c /home/particle/Documents/DS2_Final_Project/CMakeFiles/CMakeTmp/src.cxx
Linking CXX executable cmTC_4b1c9
/usr/bin/cmake -E cmake_link_script CMakeFiles/cmTC_4b1c9.dir/link.txt --verbose=1
/usr/bin/c++   -Wall  -Wextra  -Wshadow  -Wfloat-equal  -Wold-style-cast  -Wconversion  -Werror  -Wsuggest-override  -pedantic  -pedantic-errors  -fstrict-aliasing  -Wno-deprecated-declarations  -Wno-deprecated CMakeFiles/cmTC_4b1c9.dir/src.cxx.o -o cmTC_4b1c9 
gmake[1]: Leaving directory '/home/particle/Documents/DS2_Final_Project/CMakeFiles/CMakeTmp'


Source file was:
int main() { return 0; }
Performing C++ SOURCE FILE Test HAVE_CXX_FLAG_WSTRICT_ALIASING succeeded with the following output:
Change Dir: /home/particle/Documents/DS2_Final_Project/CMakeFiles/CMakeTmp

Run Build Command(s):/usr/bin/gmake -f Makefile cmTC_b5a90/fast && /usr/bin/gmake  -f CMakeFiles/cmTC_b5a90.dir/build.make CMakeFiles/cmTC_b5a90.dir/build
gmake[1]: Entering directory '/home/particle/Documents/DS2_Final_Project/CMakeFiles/CMakeTmp'
Building CXX object CMakeFiles/cmTC_b5a90.dir/src.cxx.o
/usr/bin/c++ -DHAVE_CXX_FLAG_WSTRICT_ALIASING  -Wall  -Wextra  -Wshadow  -Wfloat-equal  -Wold-style-cast  -Wconversion  -Werror  -Wsuggest-override  -pedantic  -pedantic-errors  -fstrict-aliasing  -Wno-deprecated-declarations  -Wno-deprecated  -Wstrict-aliasing -fPIE   -Wstrict-aliasing -std=c++14 -o CMakeFiles/cmTC_b5a90.dir/src.cxx.o -c /home/particle/Documents/DS2_Final_Project/CMakeFiles/CMakeTmp/src.cxx
Linking CXX executable cmTC_b5a90
/usr/bin/cmake -E cmake_link_script CMakeFiles/cmTC_b5a90.dir/link.txt --verbose=1
/usr/bin/c++   -Wall  -Wextra  -Wshadow  -Wfloat-equal  -Wold-style-cast  -Wconversion  -Werror  -Wsuggest-override  -pedantic  -pedantic-errors  -fstrict-aliasing  -Wno-deprecated-declarations  -Wno-deprecated  -Wstrict-aliasing CMakeFiles/cmTC_b5a90.dir/src.cxx.o -o cmTC_b5a90 
gmake[1]: Leaving directory '/home/particle/Documents/DS2_Final_Project/CMakeFiles/CMakeTmp'


Source file was:
int main() { return 0; }
Performing C++ SOURCE FILE Test HAVE_CXX_FLAG_COVERAGE succeeded with the following output:
Change Dir: /home/particle/Documents/DS2_Final_Project/CMakeFiles/CMakeTmp

Run Build Command(s):/usr/bin/gmake -f Makefile cmTC_b09d0/fast && /usr/bin/gmake  -f CMakeFiles/cmTC_b09d0.dir/build.make CMakeFiles/cmTC_b09d0.dir/build
gmake[1]: Entering directory '/home/particle/Documents/DS2_Final_Project/CMakeFiles/CMakeTmp'
Building CXX object CMakeFiles/cmTC_b09d0.dir/src.cxx.o
/usr/bin/c++ -DHAVE_CXX_FLAG_COVERAGE  -Wall  -Wextra  -Wshadow  -Wfloat-equal  -Wold-style-cast  -Wconversion  -Werror  -Wsuggest-override  -pedantic  -pedantic-errors  -fstrict-aliasing  -Wno-deprecated-declarations  -Wno-deprecated  -Wstrict-aliasing  --coverage -fPIE   --coverage -std=c++14 -o CMakeFiles/cmTC_b09d0.dir/src.cxx.o -c /home/particle/Documents/DS2_Final_Project/CMakeFiles/CMakeTmp/src.cxx
Linking CXX executable cmTC_b09d0
/usr/bin/cmake -E cmake_link_script CMakeFiles/cmTC_b09d0.dir/link.txt --verbose=1
/usr/bin/c++   -Wall  -Wextra  -Wshadow  -Wfloat-equal  -Wold-style-cast  -Wconversion  -Werror  -Wsuggest-override  -pedantic  -pedantic-errors  -fstrict-aliasing  -Wno-deprecated-declarations  -Wno-deprecated  -Wstrict-aliasing  --coverage CMakeFiles/cmTC_b09d0.dir/src.cxx.o -o cmTC_b09d0 
gmake[1]: Leaving directory '/home/particle/Documents/DS2_Final_Project/CMakeFiles/CMakeTmp'


Source file was:
int main() { return 0; }
Determining if the function XOpenDisplay exists in the /usr/lib/x86_64-linux-gnu/libX11.so;/usr/lib/x86_64-linux-gnu/libXext.so passed with the following output:
Change Dir: /home/particle/Documents/DS2_Final_Project/CMakeFiles/CMakeTmp

Run Build Command(s):/usr/bin/gmake -f Makefile cmTC_d1913/fast && /usr/bin/gmake  -f CMakeFiles/cmTC_d1913.dir/build.make CMakeFiles/cmTC_d1913.dir/build
gmake[1]: Entering directory '/home/particle/Documents/DS2_Final_Project/CMakeFiles/CMakeTmp'
Building C object CMakeFiles/cmTC_d1913.dir/CheckFunctionExists.c.o
/usr/bin/cc   -DCHECK_FUNCTION_EXISTS=XOpenDisplay -fPIE -std=c11 -o CMakeFiles/cmTC_d1913.dir/CheckFunctionExists.c.o -c /usr/share/cmake-3.22/Modules/CheckFunctionExists.c
Linking C executable cmTC_d1913
/usr/bin/cmake -E cmake_link_script CMakeFiles/cmTC_d1913.dir/link.txt --verbose=1
/usr/bin/cc  -DCHECK_FUNCTION_EXISTS=XOpenDisplay CMakeFiles/cmTC_d1913.dir/CheckFunctionExists.c.o -o cmTC_d1913  /usr/lib/x86_64-linux-gnu/libX11.so /usr/lib/x86_64-linux-gnu/libXext.so 
gmake[1]: Leaving directory '/home/particle/Documents/DS2_Final_Project/CMakeFiles/CMakeTmp'



Determining if the function gethostbyname exists passed with the following output:
Change Dir: /home/particle/Documents/DS2_Final_Project/CMakeFiles/CMakeTmp

Run Build Command(s):/usr/bin/gmake -f Makefile cmTC_ee2d6/fast && /usr/bin/gmake  -f CMakeFiles/cmTC_ee2d6.dir/build.make CMakeFiles/cmTC_ee2d6.dir/build
gmake[1]: Entering directory '/home/particle/Documents/DS2_Final_Project/CMakeFiles/CMakeTmp'
Building C object CMakeFiles/cmTC_ee2d6.dir/CheckFunctionExists.c.o
/usr/bin/cc   -DCHECK_FUNCTION_EXISTS=gethostbyname -fPIE -std=c11 -o CMakeFiles/cmTC_ee2d6.dir/CheckFunctionExists.c.o -c /usr/share/cmake-3.22/Modules/CheckFunctionExists.c
Linking C executable cmTC_ee2d6
/usr/bin/cmake -E cmake_link_script CMakeFiles/cmTC_ee2d6.dir/link.txt --verbose=1
/usr/bin/cc  -DCHECK_FUNCTION_EXISTS=gethostbyname CMakeFiles/cmTC_ee2d6.dir/CheckFunctionExists.c.o -o cmTC_ee2d6 
gmake[1]: Leaving directory '/home/particle/Documents/DS2_Final_Project/CMakeFiles/CMakeTmp'



Determining if the function connect exists passed with the following output:
Change Dir: /home/particle/Documents/DS2_Final_Project/CMakeFiles/CMakeTmp

Run Build Command(s):/usr/bin/gmake -f Makefile cmTC_f2550/fast && /usr/bin/gmake  -f CMakeFiles/cmTC_f2550.dir/build.make CMakeFiles/cmTC_f2550.dir/build
gmake[1]: Entering directory '/home/particle/Documents/DS2_Final_Project/CMakeFiles/CMakeTmp'
Building C object CMakeFiles/cmTC_f2550.dir/CheckFunctionExists.c.o
/usr/bin/cc   -DCHECK_FUNCTION_EXISTS=connect -fPIE -std=c11 -o CMakeFiles/cmTC_f2550.dir/CheckFunctionExists.c.o -c /usr/share/cmake-3.22/Modules/CheckFunctionExists.c
Linking C executable cmTC_f2550
/usr/bin/cmake -E cmake_link_script CMakeFiles/cmTC_f2550.dir/link.txt --verbose=1
/usr/bin/cc  -DCHECK_FUNCTION_EXISTS=connect CMakeFiles/cmTC_f2550.dir/CheckFunctionExists.c.o -o cmTC_f2550 
gmake[1]: Leaving directory '/home/particle/Documents/DS2_Final_Project/CMakeFiles/CMakeTmp'



Determining if the function remove exists passed with the following output:
Change Dir: /home/particle/Documents/DS2_Final_Project/CMakeFiles/CMakeTmp

Run Build Command(s):/usr/bin/gmake -f Makefile cmTC_80663/fast && /usr/bin/gmake  -f CMakeFiles/cmTC_80663.dir/build.make CMakeFiles/cmTC_80663.dir/build
gmake[1]: Entering directory '/home/particle/Documents/DS2_Final_Project/CMakeFiles/CMakeTmp'
Building C object CMakeFiles/cmTC_80663.dir/CheckFunctionExists.c.o
/usr/bin/cc   -DCHECK_FUNCTION_EXISTS=remove -fPIE -std=c11 -o CMakeFiles/cmTC_80663.dir/CheckFunctionExists.c.o -c /usr/share/cmake-3.22/Modules/CheckFunctionExists.c
Linking C executable cmTC_80663
/usr/bin/cmake -E cmake_link_script CMakeFiles/cmTC_80663.dir/link.txt --verbose=1
/usr/bin/cc  -DCHECK_FUNCTION_EXISTS=remove CMakeFiles/cmTC_80663.dir/CheckFunctionExists.c.o -o cmTC_80663 
gmake[1]: Leaving directory '/home/particle/Documents/DS2_Final_Project/CMakeFiles/CMakeTmp'



Determining if the function shmat exists passed with the following output:
Change Dir: /home/particle/Documents/DS2_Final_Project/CMakeFiles/CMakeTmp

Run Build Command(s):/usr/bin/gmake -f Makefile cmTC_60f4e/fast && /usr/bin/gmake  -f CMakeFiles/cmTC_60f4e.dir/build.make CMakeFiles/cmTC_60f4e.dir/build
gmake[1]: Entering directory '/home/particle/Documents/DS2_Final_Project/CMakeFiles/CMakeTmp'
Building C object CMakeFiles/cmTC_60f4e.dir/CheckFunctionExists.c.o
/usr/bin/cc   -DCHECK_FUNCTION_EXISTS=shmat -fPIE -std=c11 -o CMakeFiles/cmTC_60f4e.dir/CheckFunctionExists.c.o -c /usr/share/cmake-3.22/Modules/CheckFunctionExists.c
Linking C executable cmTC_60f4e
/usr/bin/cmake -E cmake_link_script CMakeFiles/cmTC_60f4e.dir/link.txt --verbose=1
/usr/bin/cc  -DCHECK_FUNCTION_EXISTS=shmat CMakeFiles/cmTC_60f4e.dir/CheckFunctionExists.c.o -o cmTC_60f4e 
gmake[1]: Leaving directory '/home/particle/Documents/DS2_Final_Project/CMakeFiles/CMakeTmp'



Determining if the function IceConnectionNumber exists in the ICE passed with the following output:
Change Dir: /home/particle/Documents/DS2_Final_Project/CMakeFiles/CMakeTmp

Run Build Command(s):/usr/bin/gmake -f Makefile cmTC_eb4c7/fast && /usr/bin/gmake  -f CMakeFiles/cmTC_eb4c7.dir/build.make CMakeFiles/cmTC_eb4c7.dir/build
gmake[1]: Entering directory '/home/particle/Documents/DS2_Final_Project/CMakeFiles/CMakeTmp'
Building C object CMakeFiles/cmTC_eb4c7.dir/CheckFunctionExists.c.o
/usr/bin/cc   -DCHECK_FUNCTION_EXISTS=IceConnectionNumber -fPIE -std=c11 -o CMakeFiles/cmTC_eb4c7.dir/CheckFunctionExists.c.o -c /usr/share/cmake-3.22/Modules/CheckFunctionExists.c
Linking C executable cmTC_eb4c7
/usr/bin/cmake -E cmake_link_script CMakeFiles/cmTC_eb4c7.dir/link.txt --verbose=1
/usr/bin/cc  -DCHECK_FUNCTION_EXISTS=IceConnectionNumber CMakeFiles/cmTC_eb4c7.dir/CheckFunctionExists.c.o -o cmTC_eb4c7  -lICE 
gmake[1]: Leaving directory '/home/particle/Documents/DS2_Final_Project/CMakeFiles/CMakeTmp'



